Wed, 14 Dec 2022 02:05:53 GMT王超然 12
Wed, 14 Dec 2022 02:05:57 GMT李雨峰 11
Wed, 14 Dec 2022 02:06:19 GMT向量 11
Wed, 14 Dec 2022 02:07:25 GMT李荣晋 9
Wed, 14 Dec 2022 02:07:39 GMT王暄淇 6
Wed, 14 Dec 2022 02:07:41 GMT向量 11
Wed, 14 Dec 2022 02:07:50 GMT李荣晋 9
Wed, 14 Dec 2022 02:08:07 GMT钟天扬 15
Wed, 14 Dec 2022 02:11:12 GMT: Na+S=Na2S,"Na+S=Na2S"
Wed, 14 Dec 2022 02:11:43 GMT: Fe+S=FeS,"Fe+S=FeS"
Wed, 14 Dec 2022 02:11:58 GMT: Cu+S=Cu2S,"Cu+S=Cu2S"
Wed, 14 Dec 2022 02:12:17 GMT: H2+S=H2S,"H2+S=H2S"
Wed, 14 Dec 2022 02:12:37 GMT: C+S=CS2,"C+S=CS2"
Wed, 14 Dec 2022 02:14:32 GMT: S+O2=SO2,"S+O2=SO2"
Wed, 14 Dec 2022 02:14:39 GMT: S+O2=SO2,"S+O2=SO2"
Wed, 14 Dec 2022 02:21:48 GMT: C+S=CS2,"C+S=CS2"
Wed, 14 Dec 2022 02:30:25 GMT: Na+S=Na2S,"Na+S=Na2S"
Wed, 14 Dec 2022 03:50:49 GMT: CrI3+Cl2+KOH=K2CrO4+KIO4+KCl+H2O,"CrI3+Cl2+KOH=K2CrO4+KIO4+KCl+H2O"
Wed, 14 Dec 2022 04:01:29 GMT: CrI3+Cl2+KOH=K2CrO4+KIO4+KCl+H2O,"CrI3+Cl2+KOH=K2CrO4+KIO4+KCl+H2O"
Wed, 14 Dec 2022 13:29:51 GMT: 李雨峰 11
Wed, 14 Dec 2022 13:29:52 GMT: 李雨峰 11
Wed, 14 Dec 2022 14:37:01 GMT: 张铂渊 13
Wed, 14 Dec 2022 14:38:37 GMT: 张铂渊 13
Wed, 14 Dec 2022 14:39:10 GMT: 李润杰 12
Wed, 14 Dec 2022 14:40:08 GMT: 李荣晋 9
Wed, 14 Dec 2022 14:47:52 GMT: 向量 11
Wed, 14 Dec 2022 14:50:45 GMT: 向量 11
Wed, 14 Dec 2022 14:53:19 GMT: 向量 11
Wed, 14 Dec 2022 14:53:42 GMT: 向量 11
Wed, 14 Dec 2022 14:55:07 GMT: 向量 11
Wed, 14 Dec 2022 14:56:44 GMT: 向量 11
Wed, 14 Dec 2022 14:58:32 GMT: 武昕宇 1
Wed, 14 Dec 2022 15:00:18 GMT: 武昕宇 1
Wed, 14 Dec 2022 15:00:25 GMT: 王雨萌 5
Wed, 14 Dec 2022 15:00:27 GMT: 王雪霏 11
Wed, 14 Dec 2022 15:00:28 GMT: 田伊可 6
Wed, 14 Dec 2022 15:04:21 GMT: 武昕宇 1
Wed, 14 Dec 2022 15:05:05 GMT: 王艺璇 10
Wed, 14 Dec 2022 15:20:00 GMT: 宁博远 17
Wed, 14 Dec 2022 15:20:07 GMT: 宁博远 17
Wed, 14 Dec 2022 15:21:15 GMT: 孙琪钧 15
Wed, 14 Dec 2022 15:27:00 GMT: 宁博远 17
Wed, 14 Dec 2022 15:32:52 GMT: 向量 11
Wed, 14 Dec 2022 16:14:36 GMT: 向量 11
Wed, 14 Dec 2022 16:14:38 GMT: 李行 11
Wed, 14 Dec 2022 16:14:41 GMT: 段杰锐 11
Wed, 14 Dec 2022 16:14:44 GMT: 何天熙 11
Wed, 14 Dec 2022 16:17:15 GMT: 李雨峰 11
Wed, 14 Dec 2022 16:17:48 GMT: 王雪霏 11
Wed, 14 Dec 2022 16:19:19 GMT: 宁博远 17
Wed, 14 Dec 2022 16:19:40 GMT: 向量 11
Wed, 14 Dec 2022 16:20:06 GMT: 李雨峰 11
Wed, 14 Dec 2022 16:20:10 GMT: 李雨峰 11
Wed, 14 Dec 2022 16:20:43 GMT: 宁博远 17
Wed, 14 Dec 2022 16:28:26 GMT: 向量 11
Wed, 14 Dec 2022 23:27:58 GMT: 向量 11
Thu, 15 Dec 2022 14:13:23 GMT: S+OH%3Ce-%3E=2S%3C2e-%3E+SO3%3C2e-%3E+H2O,"S+OH<e->=2S<2e->+SO3<2e->+H2O"
Thu, 15 Dec 2022 14:14:47 GMT: SO3%3C2e-%3E+2S%3C2e-%3E+6H%3Ce+%3E=S+H2O,"SO3<2e->+2S<2e->+6H<e+>=S+H2O"
Thu, 15 Dec 2022 14:15:34 GMT: SO2+2H2S=S+H2O,"SO2+2H2S=S+H2O"
Thu, 15 Dec 2022 14:16:33 GMT: Na2SO3+H2SO4=SO2+Na2SO4+H2O,"Na2SO3+H2SO4=SO2+Na2SO4+H2O"
Thu, 15 Dec 2022 14:17:55 GMT: 向量 11
Thu, 15 Dec 2022 06:28:07 GMT: Na2SO3+H2SO4=SO2+Na2SO4+H2O,"Na2SO3+H2SO4=SO2+Na2SO4+H2O"
Thu, 15 Dec 2022 15:53:54 GMT: 向量 11
Thu, 15 Dec 2022 17:41:32 GMT: H2O+CO2=H2CO3,"H2O+CO2=H2CO3"
Thu, 15 Dec 2022 17:51:58 GMT: H2+O2=H2O,"H2+O2=H2O"
Fri, 16 Dec 2022 09:15:22 GMT: 向量 11
Fri, 16 Dec 2022 13:17:05 GMT: 向量 11
Fri, 16 Dec 2022 13:18:10 GMT: 曹煦 2
Fri, 16 Dec 2022 14:14:47 GMT: 向量 11
Fri, 16 Dec 2022 15:59:54 GMT: 向量 11
Fri, 16 Dec 2022 16:00:30 GMT: 向量 11
Fri, 16 Dec 2022 16:01:50 GMT: 向量 11
Fri, 16 Dec 2022 17:26:22 GMT: 向量 11
Fri, 16 Dec 2022 17:26:33 GMT: 向量 11
Fri, 16 Dec 2022 17:27:07 GMT: 向量 11
Fri, 16 Dec 2022 17:30:02 GMT: 向量 11
Fri, 16 Dec 2022 17:44:38 GMT: 向量 11
Fri, 16 Dec 2022 17:48:17 GMT: 向量 11
Fri, 16 Dec 2022 17:48:29 GMT: 向量 11
Fri, 16 Dec 2022 17:49:23 GMT: 向量 11
Fri, 16 Dec 2022 18:02:35 GMT: 向量 11
Fri, 16 Dec 2022 18:03:21 GMT: 向量 11
Fri, 16 Dec 2022 18:04:22 GMT: 向量 11
Fri, 16 Dec 2022 18:04:51 GMT
connection error: Error: Packets out of order. Got: 0 Expected: 25
    at Parser._tryReadPacketHeader (/root/Other/node_modules/mysql/lib/protocol/Parser.js:470:15)
    at Parser.write (/root/Other/node_modules/mysql/lib/protocol/Parser.js:33:29)
    at Protocol.write (/root/Other/node_modules/mysql/lib/protocol/Protocol.js:38:16)
    at Socket.<anonymous> (/root/Other/node_modules/mysql/lib/Connection.js:88:28)
    at Socket.<anonymous> (/root/Other/node_modules/mysql/lib/Connection.js:526:10)
    at Socket.emit (node:events:513:28)
    at addChunk (node:internal/streams/readable:315:12)
    at readableAddChunk (node:internal/streams/readable:289:9)
    at Socket.Readable.push (node:internal/streams/readable:228:10)
    at TCP.onStreamRead (node:internal/stream_base_commons:190:23) {
  code: 'PROTOCOL_PACKETS_OUT_OF_ORDER',
  fatal: true
}
Fri, 16 Dec 2022 18:09:27 GMT: 向量 11
Fri, 16 Dec 2022 18:10:34 GMT: 向量 11
Fri, 16 Dec 2022 18:11:13 GMT: 向量 11
Thu, 22 Dec 2022 13:59:31 GMT: I2+H2S=2I%3Ce-%3E+S+H%3Ce+%3E,"I2+H2S=2I<e->+S+H<e+>"
Thu, 22 Dec 2022 14:00:04 GMT: Cl2+H2S=S+Cl%3Ce-%3E+H%3Ce+%3E,"Cl2+H2S=S+Cl<e->+H<e+>"
Thu, 22 Dec 2022 14:00:28 GMT: Cl2+H2S+H2O=SO4%3C2-%3E+2Cl%3Ce-%3E+2H%3Ce+%3E,"Cl2+H2S+H2O=SO4<2->+2Cl<e->+2H<e+>"
Thu, 22 Dec 2022 14:00:34 GMT: Cl2+H2S+H2O=SO4%3C2e-%3E+2Cl%3Ce-%3E+2H%3Ce+%3E,"Cl2+H2S+H2O=SO4<2e->+2Cl<e->+2H<e+>"
Thu, 22 Dec 2022 14:01:34 GMT: H2S+O2=SO2+H2O,"H2S+O2=SO2+H2O"
Thu, 22 Dec 2022 14:01:37 GMT: I2+H2S=2I%3Ce-%3E+S+H%3Ce+%3E,"I2+H2S=2I<e->+S+H<e+>"
Thu, 22 Dec 2022 14:01:48 GMT: 2H2S+3O2=2S+2H2O,"2H2S+3O2=2S+2H2O"
Thu, 22 Dec 2022 14:02:47 GMT: CuSO4+H2S=CuS+H2SO4,"CuSO4+H2S=CuS+H2SO4"
Thu, 22 Dec 2022 14:02:51 GMT: CuSO4+H2S=CuS+H2SO4,"CuSO4+H2S=CuS+H2SO4"
Thu, 22 Dec 2022 14:06:56 GMT: Cl2+H2S=S+Cl%3Ce-%3E+H%3Ce+%3E,"Cl2+H2S=S+Cl<e->+H<e+>"
Thu, 22 Dec 2022 14:11:44 GMT: CuSO4+H2S=CuS+H2SO4,"CuSO4+H2S=CuS+H2SO4"
Thu, 22 Dec 2022 15:26:42 GMT: 向量 11
Thu, 22 Dec 2022 15:27:03 GMT: 金奕扬 11
Thu, 22 Dec 2022 16:42:59 GMT: 傅天骄 10
Thu, 22 Dec 2022 17:45:25 GMT: 杨恩华 14
Thu, 22 Dec 2022 18:18:08 GMT: 向量 11
Thu, 22 Dec 2022 18:18:13 GMT: 李雨峰 11
Thu, 22 Dec 2022 18:18:19 GMT: 王昱翔 11
Thu, 22 Dec 2022 18:18:30 GMT: 傅天骄 10
Thu, 22 Dec 2022 23:26:31 GMT: 向量 11
Fri, 23 Dec 2022 09:21:50 GMT: 向量 11
Fri, 23 Dec 2022 15:43:11 GMT: 向量 11
Fri, 23 Dec 2022 15:43:59 GMT: 向量 11
Fri, 23 Dec 2022 15:44:21 GMT: 李雨峰 11
Fri, 23 Dec 2022 16:35:02 GMT: 2NaHCO3=Na2CO3+H2O+CO2,"2NaHCO3=Na2CO3+H2O+CO2"
Fri, 23 Dec 2022 16:41:30 GMT: 2NaHCO3=Na2CO3+H2O+CO2,"2NaHCO3=Na2CO3+H2O+CO2"
Fri, 23 Dec 2022 19:51:31 GMT: 向量 11
Fri, 23 Dec 2022 19:53:04 GMT: 向量 11
Fri, 23 Dec 2022 20:25:34 GMT: 向量 11
Fri, 23 Dec 2022 20:31:37 GMT: H2O+O2=H2O2,"H2O+O2=H2O2"
Fri, 23 Dec 2022 20:41:30 GMT: H2O+O2=H2O2,"H2O+O2=H2O2"
Fri, 23 Dec 2022 20:56:06 GMT: 李荣晋 9
Fri, 23 Dec 2022 20:58:13 GMT: 孙琪钧 15
Fri, 23 Dec 2022 20:58:45 GMT: 孙琪钧 15
Fri, 23 Dec 2022 21:00:37 GMT: 孙琪钧 15
Fri, 23 Dec 2022 21:01:05 GMT: 孙琪钧 15
Fri, 23 Dec 2022 21:05:42 GMT: 向量 11
Fri, 23 Dec 2022 21:09:25 GMT: 孙琪钧 15
Fri, 23 Dec 2022 23:51:05 GMT: 李行 11
Sat, 24 Dec 2022 11:07:12 GMT: 李雨峰 11
Sat, 24 Dec 2022 11:08:26 GMT: 宁博远 17
Sat, 24 Dec 2022 11:15:27 GMT: 姜雅涵 11
Sat, 24 Dec 2022 14:28:41 GMT: 向量 11
Sat, 24 Dec 2022 14:31:53 GMT: 孙若初 14
Sat, 24 Dec 2022 14:41:03 GMT: 孙琪钧 15
Sat, 24 Dec 2022 14:41:45 GMT: 孙琪钧 15
Sat, 24 Dec 2022 15:11:33 GMT: 20222446 (11 向量) fetched 1023 ("12月20日高一高考部数学测试")
Sun, 25 Dec 2022 11:32:46 GMT: MnO2+HCl=MnCl2+Cl2+H2O,"MnO2+HCl=MnCl2+Cl2+H2O"
Sun, 25 Dec 2022 11:40:29 GMT: Cl2+H2=HCl,"Cl2+H2=HCl"
Sun, 25 Dec 2022 11:40:45 GMT: Cl2+H2=2HCl,"Cl2+H2=2HCl"
Sun, 25 Dec 2022 11:41:29 GMT: Cl2+Na=NaCl,"Cl2+Na=NaCl"
Sun, 25 Dec 2022 11:41:43 GMT: MnO2+HCl=MnCl2+Cl2+H2O,"MnO2+HCl=MnCl2+Cl2+H2O"
Sun, 25 Dec 2022 11:42:16 GMT: Cl2+H2O=HCl+HClO,"Cl2+H2O=HCl+HClO"
Sun, 25 Dec 2022 11:42:51 GMT: Cl2+NaOH=NaCl+NaClO+H2O,"Cl2+NaOH=NaCl+NaClO+H2O"
Sun, 25 Dec 2022 11:51:29 GMT: Cl2+Na=NaCl,"Cl2+Na=NaCl"
Sun, 25 Dec 2022 11:51:31 GMT: Cl2+H2O=HCl+HClO,"Cl2+H2O=HCl+HClO"
Sun, 25 Dec 2022 11:51:39 GMT: Cl2+2OH%3Ce-%3E=Cl%3Ce-%3E+ClO%3Ce-%3E+H2O,"Cl2+2OH<e->=Cl<e->+ClO<e->+H2O"
Sun, 25 Dec 2022 12:01:47 GMT: Cl2+2OH%3Ce-%3E=Cl%3Ce-%3E+ClO%3Ce-%3E+H2O,"Cl2+2OH<e->=Cl<e->+ClO<e->+H2O"
Sun, 25 Dec 2022 12:05:06 GMT: NaClO+2HCl=NaCl+Cl2+H2O,"NaClO+2HCl=NaCl+Cl2+H2O"
Sun, 25 Dec 2022 12:06:00 GMT: ClO%3Ce-%3E+2H%3Ce+%3E+Cl%3Ce-%3E=+Cl2+H2O,"ClO<e->+2H<e+>+Cl<e->=+Cl2+H2O"
Sun, 25 Dec 2022 12:06:11 GMT: ClO%3Ce-%3E+2H%3Ce+%3E+Cl%3Ce-%3E=Cl2+H2O,"ClO<e->+2H<e+>+Cl<e->=Cl2+H2O"
Sun, 25 Dec 2022 12:06:20 GMT: ClO%3Ce-%3E+2H%3Ce+%3E+Cl%3Ce-%3E=Cl2+H2O,"ClO<e->+2H<e+>+Cl<e->=Cl2+H2O"
Sun, 25 Dec 2022 12:10:18 GMT: NaClO+H2O+CO2=NaHCO3+HClO,"NaClO+H2O+CO2=NaHCO3+HClO"
Sun, 25 Dec 2022 12:11:24 GMT: NaClO+2HCl=NaCl+Cl2+H2O,"NaClO+2HCl=NaCl+Cl2+H2O"
Sun, 25 Dec 2022 12:13:42 GMT: ClO%3Ce-%3E+2H%3Ce+%3E+Cl%3Ce-%3E=+Cl2+H2O,"ClO<e->+2H<e+>+Cl<e->=+Cl2+H2O"
Sun, 25 Dec 2022 12:22:05 GMT: NaClO+H2O+CO2=NaHCO3+HClO,"NaClO+H2O+CO2=NaHCO3+HClO"
Sun, 25 Dec 2022 12:26:08 GMT: ClO%3Ce-%3E+H2O+CO2=HCO3%3Ce-%3E+HClO,"ClO<e->+H2O+CO2=HCO3<e->+HClO"
Sun, 25 Dec 2022 12:32:28 GMT: ClO%3Ce-%3E+H2O+CO2=HCO3%3Ce-%3E+HClO,"ClO<e->+H2O+CO2=HCO3<e->+HClO"
Sun, 25 Dec 2022 13:13:54 GMT: 20222446 (11 向量) fetched 972 ("2022-2023学年第一学期高一年级高考部期中测试")
Sun, 25 Dec 2022 13:15:55 GMT: 20222446 (11 向量) fetched 1021 ("12月16日高一高考部物理测试")
Sun, 25 Dec 2022 13:17:59 GMT: 20222446 (11 向量) fetched 972 ("2022-2023学年第一学期高一年级高考部期中测试")
Sun, 25 Dec 2022 13:18:06 GMT: 20222446 (11 向量) fetched 1021 ("12月16日高一高考部物理测试")
Sun, 25 Dec 2022 13:19:15 GMT: 20222446 (11 向量) fetched 1023 ("12月20日高一高考部数学测试")
Sun, 25 Dec 2022 13:31:07 GMT: 2HClO=2HCl+O2,"2HClO=2HCl+O2"
Sun, 25 Dec 2022 13:40:52 GMT: 20222221 (14 孙若初) fetched 972 ("2022-2023学年第一学期高一年级高考部期中测试")
Sun, 25 Dec 2022 13:42:31 GMT: 20222334 (13 张铂渊) fetched 972 ("2022-2023学年第一学期高一年级高考部期中测试")
Sun, 25 Dec 2022 13:42:34 GMT: 20222334 (13 张铂渊) fetched 972 ("2022-2023学年第一学期高一年级高考部期中测试")
Sun, 25 Dec 2022 13:45:20 GMT: 20222521 (6 王暄淇) fetched 972 ("2022-2023学年第一学期高一年级高考部期中测试")
Sun, 25 Dec 2022 13:46:54 GMT: 2HClO=2HCl+O2,"2HClO=2HCl+O2"
Sun, 25 Dec 2022 13:47:48 GMT: 20222337 (12 李润杰) fetched 972 ("2022-2023学年第一学期高一年级高考部期中测试")
Sun, 25 Dec 2022 13:49:04 GMT: 20222337 (12 李润杰) fetched 972 ("2022-2023学年第一学期高一年级高考部期中测试")
Sun, 25 Dec 2022 13:50:30 GMT: 20222337 (12 李润杰) fetched 972 ("2022-2023学年第一学期高一年级高考部期中测试")
Sun, 25 Dec 2022 13:51:21 GMT: 20222446 (11 向量) fetched 1028 ("12月23日高一高考部化学测试")
Sun, 25 Dec 2022 13:53:10 GMT: 20222450 (11 李雨峰) fetched 1028 ("12月23日高一高考部化学测试")
Sun, 25 Dec 2022 13:55:04 GMT: 20222194 (14 徐砺珅) fetched 972 ("2022-2023学年第一学期高一年级高考部期中测试")
Sun, 25 Dec 2022 13:58:19 GMT: 20222194 (14 徐砺珅) fetched 1023 ("12月20日高一高考部数学测试")
Sun, 25 Dec 2022 13:59:00 GMT: 20222261 (15 孙琪钧) fetched 1023 ("12月20日高一高考部数学测试")
Sun, 25 Dec 2022 13:59:06 GMT: 20222446 (11 向量) fetched 1023 ("12月20日高一高考部数学测试")
Sun, 25 Dec 2022 13:59:22 GMT: 20222750 (11 李安然) fetched 1023 ("12月20日高一高考部数学测试")
Sun, 25 Dec 2022 13:59:39 GMT: 20222213 (11 王雪霏) fetched 1023 ("12月20日高一高考部数学测试")
Sun, 25 Dec 2022 14:00:21 GMT: 20222334 (13 张铂渊) fetched 1023 ("12月20日高一高考部数学测试")
Sun, 25 Dec 2022 14:00:38 GMT: 20222194 (14 徐砺珅) fetched 1023 ("12月20日高一高考部数学测试")
Sun, 25 Dec 2022 14:03:22 GMT: Fe+H2O=Fe3O4+H2,"Fe+H2O=Fe3O4+H2"
Sun, 25 Dec 2022 14:03:57 GMT: 3Fe+H%3Ce+%3E=Fe%3C2e+%3E+H2,"3Fe+H<e+>=Fe<2e+>+H2"
Sun, 25 Dec 2022 14:11:31 GMT: 3Fe+H%3Ce+%3E=Fe%3C2e+%3E+H2,"3Fe+H<e+>=Fe<2e+>+H2"
Sun, 25 Dec 2022 14:18:19 GMT: Fe+Cu%3C2e+%3E=Fe%3C2e+%3E+Cu,"Fe+Cu<2e+>=Fe<2e+>+Cu"
Sun, 25 Dec 2022 14:18:25 GMT: Fe+Cu%3C2e+%3E=Fe%3C2e+%3E+Cu,"Fe+Cu<2e+>=Fe<2e+>+Cu"
Sun, 25 Dec 2022 14:19:05 GMT: Fe+S=FeS,"Fe+S=FeS"
Sun, 25 Dec 2022 14:19:43 GMT: Fe+Cl2=FeCl3,"Fe+Cl2=FeCl3"
Sun, 25 Dec 2022 14:36:39 GMT: Fe+Cl2=FeCl3,"Fe+Cl2=FeCl3"
Sun, 25 Dec 2022 15:25:43 GMT: Fe2O3+3CO=Fe+CO2,"Fe2O3+3CO=Fe+CO2"
Sun, 25 Dec 2022 15:30:28 GMT: Fe2O3+Al=Fe+Al2O3,"Fe2O3+Al=Fe+Al2O3"
Sun, 25 Dec 2022 15:31:24 GMT: Fe2O3+6HCl=2FeCl3+3H2O,"Fe2O3+6HCl=2FeCl3+3H2O"
Sun, 25 Dec 2022 15:31:45 GMT: Fe2O3+3CO=Fe+CO2,"Fe2O3+3CO=Fe+CO2"
Sun, 25 Dec 2022 15:31:47 GMT: Fe2O3+6H%3Ce+%3E=2Fe%3C3e+%3E+3H2O,"Fe2O3+6H<e+>=2Fe<3e+>+3H2O"
Sun, 25 Dec 2022 15:32:01 GMT: Fe3O4+6HCl=2FeCl3+FeCl2+3H2O,"Fe3O4+6HCl=2FeCl3+FeCl2+3H2O"
Sun, 25 Dec 2022 15:32:07 GMT: Fe3O4+6HCl=2FeCl3+FeCl2+3H2O,"Fe3O4+6HCl=2FeCl3+FeCl2+3H2O"
Sun, 25 Dec 2022 15:32:21 GMT: Fe3O4+8H%3Ce+%3E=2Fe%3C3e+%3E+Fe%3C2e+%3E+4H2O,"Fe3O4+8H<e+>=2Fe<3e+>+Fe<2e+>+4H2O"
Sun, 25 Dec 2022 15:33:09 GMT: FeCl3+Fe=FeCl2,"FeCl3+Fe=FeCl2"
Sun, 25 Dec 2022 15:33:30 GMT: 2Fe%3C3e+%3E+Fe=3Fe%3C2e+%3E,"2Fe<3e+>+Fe=3Fe<2e+>"
Sun, 25 Dec 2022 15:41:28 GMT: Fe2O3+Al=Fe+Al2O3,"Fe2O3+Al=Fe+Al2O3"
Sun, 25 Dec 2022 15:42:44 GMT: 2Fe%3C3e+%3E+Fe=3Fe%3C2e+%3E,"2Fe<3e+>+Fe=3Fe<2e+>"
Sun, 25 Dec 2022 15:47:54 GMT: 2Fe%3C3e+%3E+Cu=3Fe%3C2e+%3E+Cu%3C2e+%3E,"2Fe<3e+>+Cu=3Fe<2e+>+Cu<2e+>"
Sun, 25 Dec 2022 15:48:29 GMT: 2FeCl3+Cu=2FeCl2+CuCl2,"2FeCl3+Cu=2FeCl2+CuCl2"
Sun, 25 Dec 2022 15:50:18 GMT: 2FeCl3+Cu=2FeCl2+CuCl2,"2FeCl3+Cu=2FeCl2+CuCl2"
Sun, 25 Dec 2022 15:50:29 GMT: 2Fe%3C3e+%3E+Cu=2Fe%3C2e+%3E+Cu%3C2e+%3E,"2Fe<3e+>+Apple=2Fe<2e+>+FuckedUp<2e+>"
Sun, 25 Dec 2022 15:51:38 GMT: 2FeCl3%20+%202KI=2FeCl2%20+%20I2%20+%202KCl,"2FeCl3+2KI=2FeCl2+I2+2KCl"
Sun, 25 Dec 2022 15:52:06 GMT: 2Fe%3C3e+%3E%20+%202I%3Ce-%3E=2Fe%3C2e+%3E%20+%20I2,"2Fe<3e+>+2I<e->=2Fe<2e+>+I2"
Sun, 25 Dec 2022 16:01:57 GMT: 2FeCl3%20+%202KI=2FeCl2%20+%20I2%20+%202KCl,"2FeCl3+2KI=2FeCl2+I2+2KCl"
Sun, 25 Dec 2022 16:14:10 GMT: 2Fe%3C3e+%3E%20+%202I%3Ce-%3E=2Fe%3C2e+%3E%20+%20I2,"2Fe<3e+>+2I<e->=2Fe<2e+>+I2"
Sun, 25 Dec 2022 16:26:48 GMT: 2FeCl2%20+%20Cl2=2FeCl3,"2FeCl2+Cl2=2FeCl3"
Sun, 25 Dec 2022 16:27:12 GMT: 2Fe%3C2e+%3E+Cl2=2Fe%3C3e+%3E+Cl%3Ce-%3E,"2Fe<2e+>+Cl2=2Fe<3e+>+Cl<e->"
Sun, 25 Dec 2022 16:27:49 GMT: FeCl2+H2O2+HCl=FeCl3+H2O,"FeCl2+H2O2+HCl=FeCl3+H2O"
Sun, 25 Dec 2022 16:28:15 GMT: 2Fe%3C2e+%3E+H2O2+2H%3Ce+%3E=2Fe%3C3e+%3E+2H2O,"2Fe<2e+>+H2O2+2H<e+>=2Fe<3e+>+2H2O"
Sun, 25 Dec 2022 16:28:20 GMT: 2Fe%3C2e+%3E+H2O2+2H%3Ce+%3E=2Fe%3C3e+%3E+2H2O,"2Fe<2e+>+H2O2+2H<e+>=2Fe<3e+>+2H2O"
Sun, 25 Dec 2022 16:31:37 GMT: 2FeCl2%20+%20Cl2=2FeCl3,"2FeCl2+Cl2=2FeCl3"
Sun, 25 Dec 2022 16:31:38 GMT: FeCl2+H2O2+HCl=FeCl3+H2O,"FeCl2+H2O2+HCl=FeCl3+H2O"
Sun, 25 Dec 2022 16:33:35 GMT: FeSO4%20+%202KMnO4%20+%208H2SO4%20=5Fe2(SO4)3%20+%20K2SO4%20+%202MnSO4%20+%208H2O,"FeSO4+2KMnO4+8H2SO4=5Fe2(SO4)3+K2SO4+2MnSO4+8H2O"
Sun, 25 Dec 2022 16:34:11 GMT: 5Fe%3C2e+%3E%20+%20MnO4%20%3Ce-%3E%20+%208H%3Ce+%3E%20=5Fe%3C3e+%3E%20+%20Mn%3C2e+%3E%20+%204H2O,"5Fe<2e+>+MnO4<e->+8H<e+>=5Fe<3e+>+Mn<2e+>+4H2O"
Sun, 25 Dec 2022 16:41:25 GMT: 5Fe%3C2e+%3E%20+%20MnO4%20%3Ce-%3E%20+%208H%3Ce+%3E%20=5Fe%3C3e+%3E%20+%20Mn%3C2e+%3E%20+%204H2O,"5Fe<2e+>+MnO4<e->+8H<e+>=5Fe<3e+>+Mn<2e+>+4H2O"
Sun, 25 Dec 2022 16:41:58 GMT: 4FeSO4%20+%20O2%20+%202H2SO4=2Fe2(SO4)3%20+%202H2O,"4FeSO4+O2+2H2SO4=2Fe2(SO4)3+2H2O"
Sun, 25 Dec 2022 16:42:38 GMT: 4Fe%3C2e+%3E%20+%20O2%20+%204H%3Ce+%3E%20=4Fe%3C3e+%3E%20+%202H2O,"4Fe<2e+>+O2+4H<e+>=4Fe<3e+>+2H2O"
Sun, 25 Dec 2022 16:43:10 GMT: 4Fe%3C2e+%3E+O2+4H%3Ce+%3E=4Fe%3C3e+%3E+2H2O,"4Fe<2e+>+O2+4H<e+>=4Fe<3e+>+2H2O"
Sun, 25 Dec 2022 16:43:38 GMT: %20FeCl3%20+%203NaOH%20=Fe(OH)3+%203NaCl,"FeCl3+3NaOH=Fe(OH)3+3NaCl"
Sun, 25 Dec 2022 16:44:11 GMT: Fe%3C3e+%3E%20+%203OH%3Ce-%3E=Fe(OH)3,"Fe<3e+>+3OH<e->=Fe(OH)3"
Sun, 25 Dec 2022 16:44:54 GMT: Fe(OH)3%20+%203HCl=FeCl3%20+%203H2O,"Fe(OH)3+3HCl=FeCl3+3H2O"
Sun, 25 Dec 2022 16:45:14 GMT: Fe(OH)3%20+%203H%3Ce+%3E%20=Fe%3C3e+%3E%20+%203H2O,"Fe(OH)3+3H<e+>=Fe<3e+>+3H2O"
Sun, 25 Dec 2022 16:47:11 GMT: 4Fe(OH)2%20+%20O2%20+%202H2O%20=4Fe(OH)3,"4Fe(OH)2+O2+2H2O=4Fe(OH)3"
Sun, 25 Dec 2022 16:51:38 GMT: 4Fe%3C2e+%3E%20+%20O2%20+%204H%3Ce+%3E%20=4Fe%3C3e+%3E%20+%202H2O,"4Fe<2e+>+O2+4H<e+>=4Fe<3e+>+2H2O"
Sun, 25 Dec 2022 16:53:35 GMT: 2FeCl3%20+%20FeCl2%20+%208NaOH%20=Fe3O4%20+%208NaCl%20+%204H2O,"2FeCl3+FeCl2+8NaOH=Fe3O4+8NaCl+4H2O"
Sun, 25 Dec 2022 16:54:11 GMT: 2Fe%3C3e+%3E%20+%20Fe%3C2e+%3E%20+%208OH%3Ce-%3E=Fe3O4%20+%204H2O,"2Fe<3e+>+Fe<2e+>+8OH<e->=Fe3O4+4H2O"
Sun, 25 Dec 2022 16:54:21 GMT: 2FeCl3+FeCl2+8NaOH=Fe3O4+8NaCl+4H2O,"2FeCl3+FeCl2+8NaOH=Fe3O4+8NaCl+4H2O"
Sun, 25 Dec 2022 16:54:29 GMT: 2Fe%3C3e+%3E+Fe%3C2e+%3E+8OH%3Ce-%3E=Fe3O4+4H2O,"2Fe<3e+>+Fe<2e+>+8OH<e->=Fe3O4+4H2O"
Sun, 25 Dec 2022 17:06:22 GMT: 2Fe%3C3e+%3E%20+%20Fe%3C2e+%3E%20+%208OH%3Ce-%3E=Fe3O4%20+%204H2O,"2Fe<3e+>+Fe<2e+>+8OH<e->=Fe3O4+4H2O"
Sun, 25 Dec 2022 17:40:44 GMT: 4Na%20+%20O2=2Na2O,"4Na+O2=2Na2O"
Sun, 25 Dec 2022 17:41:24 GMT: 2Na%20+%20O2=Na2O2,"2Na+O2=Na2O2"
Sun, 25 Dec 2022 17:41:56 GMT: 2Na%20+%202H2O%20=2NaOH%20+%20H2,"2Na+2H2O=2NaOH+H2"
Sun, 25 Dec 2022 17:44:20 GMT: 2Na2O2%20+%202H2O%20=4NaOH%20+%20O2,"2Na2O2+2H2O=4NaOH+O2"
Sun, 25 Dec 2022 17:44:52 GMT: 2Na2O2%20+%202CO2=2Na2CO3%20+%20O2,"2Na2O2+2CO2=2Na2CO3+O2"
Sun, 25 Dec 2022 17:45:38 GMT: Na2CO3%20+%20CO2%20+%20H2O%20=2NaHCO3,"Na2CO3+CO2+H2O=2NaHCO3"
Sun, 25 Dec 2022 17:46:08 GMT: 2NaHCO3=Na2CO3%20+%20CO2%20+%20H2O,"2NaHCO3=Na2CO3+CO2+H2O"
Sun, 25 Dec 2022 17:46:38 GMT: NaHCO3%20+%20HCl=NaCl%20+%20CO2%20+%20H2O,"NaHCO3+HCl=NaCl+CO2+H2O"
Sun, 25 Dec 2022 17:46:54 GMT: HCO3%20%3Ce-%3E%20+%20H%3Ce+%3E%20=CO2%20+%20H2O,"HCO3<e->+H<e+>=CO2+H2O"
Sun, 25 Dec 2022 17:48:17 GMT: Na2CO3+HCl=NaHCO3+NaCl,"Na2CO3+HCl=NaHCO3+NaCl"
Sun, 25 Dec 2022 17:48:44 GMT: Na2CO3+HCl=NaCl+CO2+H2O,"Na2CO3+HCl=NaCl+CO2+H2O"
Sun, 25 Dec 2022 17:49:03 GMT: CO3%20%3C2e-%3E%20+%202H%3Ce+%3E%20=CO2%20+%20H2O,"CO3<2e->+2H<e+>=CO2+H2O"
Sun, 25 Dec 2022 17:49:35 GMT: 2NaCl=%20%202Na%20+%20Cl2,"2NaCl=2Na+Cl2"
Sun, 25 Dec 2022 20:07:07 GMT: 20222062 (11 李行) fetched 972 ("2022-2023学年第一学期高一年级高考部期中测试")
Sun, 25 Dec 2022 20:12:12 GMT: 20222062 (11 李行) fetched 972 ("2022-2023学年第一学期高一年级高考部期中测试")
Sun, 25 Dec 2022 21:07:15 GMT: ::ffff:61.51.148.32,20222446 (11 向量) fetched 972 ("2022-2023学年第一学期高一年级高考部期中测试")
Sun, 25 Dec 2022 21:17:14 GMT: ::ffff:111.201.90.170,20222062 (11 李行) fetched 972 ("2022-2023学年第一学期高一年级高考部期中测试")
Sun, 25 Dec 2022 21:18:10 GMT: ::ffff:111.201.90.170,20222446 (11 向量) fetched 972 ("2022-2023学年第一学期高一年级高考部期中测试")
Sun, 25 Dec 2022 21:20:32 GMT: ::ffff:111.201.90.170,20222450 (11 李雨峰) fetched 972 ("2022-2023学年第一学期高一年级高考部期中测试")
Mon, 26 Dec 2022 09:33:20 GMT: ::ffff:111.201.90.170,20222725 (5 王小熙) fetched 972 ("2022-2023学年第一学期高一年级高考部期中测试")
Mon, 26 Dec 2022 10:44:47 GMT: H2S+H2SO4=S+SO2+H2O,"H2S+H2SO4=S+SO2+H2O"
Mon, 26 Dec 2022 10:46:28 GMT: SO2+I2=H2SO4+HI,"SO2+I2=H2SO4+HI"
Mon, 26 Dec 2022 10:46:30 GMT: SO2+I2=H2SO4+HI+H2O,"SO2+I2=H2SO4+HI+H2O"
Mon, 26 Dec 2022 10:50:18 GMT: SO2+I2+H2O=H2SO4+HI,"SO2+I2+H2O=H2SO4+HI"
Mon, 26 Dec 2022 10:50:26 GMT: SO2+I2=H2SO4+HI+H2O,"SO2+I2=H2SO4+HI+H2O"
Mon, 26 Dec 2022 10:50:39 GMT: SO2+I2+H2O=H2SO4+HI,"SO2+I2+H2O=H2SO4+HI"
Mon, 26 Dec 2022 10:52:03 GMT: H2S+H2SO4=S+SO2+H2O,"H2S+H2SO4=S+SO2+H2O"
Mon, 26 Dec 2022 11:06:59 GMT: SO2+I2+H2O=H2SO4+HI,"SO2+I2+H2O=H2SO4+HI"
Mon, 26 Dec 2022 11:27:15 GMT: Cl2+OH=Cl%3Ce-%3E+ClO%3Ce-%3E+H2O,"Cl2+OH=Cl<e->+ClO<e->+H2O"
Mon, 26 Dec 2022 11:27:25 GMT: Cl2+OH%3Ce-%3E=Cl%3Ce-%3E+ClO%3Ce-%3E+H2O,"Cl2+OH<e->=Cl<e->+ClO<e->+H2O"
Mon, 26 Dec 2022 11:27:36 GMT: Cl2+OH%3Ce-%3E=Cl%3Ce-%3E+ClO3%3Ce-%3E+H2O,"Cl2+OH<e->=Cl<e->+ClO3<e->+H2O"
Mon, 26 Dec 2022 11:31:39 GMT: Cl2+OH%3Ce-%3E=Cl%3Ce-%3E+ClO%3Ce-%3E+H2O,"Cl2+OH<e->=Cl<e->+ClO<e->+H2O"
Sun, 01 Jan 2023 20:09:45 GMT: 20222446 (11 向量) fetched 972 ("2022-2023学年第一学期高一年级高考部期中测试")
Mon, 02 Jan 2023 11:52:31 GMT: "H2O=H2+O2"
Mon, 02 Jan 2023 12:06:47 GMT: "H2O=H2+O2"
Mon, 02 Jan 2023 16:01:58 GMT: "propose you are lihua,please write about your school life"
Mon, 02 Jan 2023 16:02:05 GMT: "propose you are lihua,please write about your school life"
Mon, 02 Jan 2023 16:02:05 GMT: "Propose you are LiHua，please write about your school life"
Mon, 02 Jan 2023 16:01:58 GMT: 

Hi, everyone! My name is Lihua and this is my experience of school life. 

School life for me is full of both excitement and challenge. Every day I have the opportunity to explore, to learn something new, to meet new people and to expand my knowledge in different ways. 

I'm lucky enough to be part of a great learning environment where I'm always encouraged to do my best. From my primary school days to my days in high school, I've had a lot of positive experiences and opportunities to learn and grow. 

In my school environment, I'm able to engage in a variety of activities such as sports, music, art, and other clubs. My teachers are friendly and supportive, and they always encourage me to be ambitious and strive for excellence. 

My days in school are often full of fun and laughter. I'm surrounded by classmates and friends that I consider family. We challenge each other in our studies and also support each other through tough times. 

School life teaches me important values such as responsibility, perseverance, and kindness. I've learned the importance of balance in life, which helps me stay healthy and motivated. 

Overall, I cherish the time I've spent at school and am deeply grateful for all the opportunities it has provided me. This school experience has enabled me to grow and learn to become the person I am today.<hr>

Mon, 02 Jan 2023 16:02:05 GMT: 

Hello there! My name is Lihua, and I am a high school student who is having a great time at school.

I love going to school every day and participating in all the activities that my school offers. Along with a rigorous academic program, I get to join plenty of extra-curricular activities that let me dive in deeper into my favorite subjects like art and music. My classes are taught by amazing teachers who are passionate about their discipline and want to make sure everyone understands the material. Having them by my side fuels my excitement for learning and makes difficult topics easier to grasp.

I also get to make lots of friends in school and enjoy an interactive learning which makes every day more interesting. I truly appreciate the opportunities that my school has given me to connect with my peers and learn from them.

Overall, I feel very lucky to be a part of this school and make the most out of it with interesting projects, assignments, and engaging learning experiences.<hr>

Mon, 02 Jan 2023 16:02:05 GMT: 

Hello, everyone, I am LiHua. I am a student at ABC school, and I am enjoying my school life. 

At school every day is filled with fun learning activities. I love taking my friends to the laboratory to do experiments, especially the chemistry ones. We get to learn so much, and the teachers and students are supportive. 

On weekends, my friends and I often play basketball or badminton in the school court. It's a great way to keep fit and have fun at the same time.

In my free time, I like to read books in the library. I enjoy the quiet atmosphere, and I can learn a lot from it. I also volunteer in the library, helping out with the shelves or organizing the books. 

I also get involved in a lot of extracurricular activities in school. From art classes, debate club, to music band. I have met so many interesting people and learned a lot of new things. 

Overall, school life here at ABC school is really fun and I'm looking forward to the many things I can learn and experience.<hr>

Mon, 02 Jan 2023 20:58:35 GMT: "how to setup ptr record for mail?"
Mon, 02 Jan 2023 20:58:35 GMT: 

To set up a PTR record for mail, you will need to contact your hosting provider or the DNS provider for the domain. PTR records are usually used to specify a domain name as the reverse address of an IP address. This record is created in the DNS zone file and is used to verify that an IP corresponds to the domain name from which mail is being sent.

Once you've contacted the DNS provider, provide them with the domain for which you want to create the PTR record as well as the IP address that corresponds to it. You will also need to specify the mail server's hostname that should be associated with the reverse lookup. The DNS provider will create the PTR record and provide you with step-by-step instructions on how to configure it in your mail server.<hr>

Mon, 02 Jan 2023 20:59:05 GMT: "how to setup ptr record for mail? What should its value be?"
Mon, 02 Jan 2023 20:59:05 GMT: 

A pointer (or PTR) record for mail is an essential component of the Domain Name System (DNS). It allows a server to match an Internet protocol (IP) address with a domain name.

To set up a PTR record for mail, you must go through the provider of your IP address, as this record requires a special configuration on the provider’s side. You will also need to provide the hostname, IP address, and domain name of your mail server. The value of the PTR record should be the hostname of your mail server.<hr>

Tue, 03 Jan 2023 01:54:15 GMT: "H2+O2=H2O"
Tue, 03 Jan 2023 02:02:11 GMT: "H2+O2=H2O"
Tue, 03 Jan 2023 09:49:39 GMT: "How to flatten colors in Photoshop?"
Tue, 03 Jan 2023 09:49:39 GMT: 

1. Open the image in Photoshop.

2. Go to Image > Adjustments > Desaturate.

3. Select either Median or Desaturate to reduce the color range of the image to black, white, and shades of gray.

4. If desired, create a Levels Adjustment Layer to adjust the tonal range of the image. To do this, go to Layer > New Adjustment Layer > Levels.

5. Now select the Eyedropper Tool. Select the black eyedropper and click on the lightest area in the image to make that area white. Select the white eyedropper and click on the darkest area in the image to make it black.

6. Finally, change the blend mode of the layer to Luminosity. This will flatten the colors.<hr>

Wed, 04 Jan 2023 11:59:42 GMT: CrI3+Cl2+KOH=K2CrO4+KIO4+KCl+H2O,"CrI3+Cl2+KOH=K2CrO4+KIO4+KCl+H2O"
Wed, 04 Jan 2023 11:59:51 GMT: CrI3+Cl2+KOH=K2CrO4+KIO4+KCl+H2O,"CrI3+Cl2+KOH=K2CrO4+KIO4+KCl+H2O"
Wed, 04 Jan 2023 12:03:55 GMT: 20222446 (11 向量) fetched 972 ("2022-2023学年第一学期高一年级高考部期中测试")
Thu, 05 Jan 2023 09:44:04 GMT: CrI3+Cl2+KOH=K2CrO4+KIO4+KCl+H2O,"CrI3+Cl2+KOH=K2CrO4+KIO4+KCl+H2O"
Thu, 05 Jan 2023 09:48:14 GMT: 114514O2+1919810H2O=H2O2,"114514O2+1919810H2O=H2O2"
Thu, 05 Jan 2023 22:41:21 GMT: 20222446 (11 向量) fetched 972 ("2022-2023学年第一学期高一年级高考部期中测试")
Fri, 06 Jan 2023 14:52:17 GMT: "If you are Li Hua, a student of Red Star High School, and your British friend's jim mentioned in your email that their school's International Culture Week is about to start, their class will hold a Chinese culture exhibition, so he asked you for advice and asked you to reply to his email content, including the content of the recommended display, and the reason for the recommendation."
Fri, 06 Jan 2023 14:52:17 GMT: 

Hi Jim,

I'm so glad that your school is having an International Culture Week and holding a Chinese culture exhibition. As you know, Chinese culture is rich and plentiful, so it could be quite daunting to figure out what to show. Here are my recommendations:

1. Traditional Chinese architecture – this is a great way to introduce the audience to the majestic features of Chinese architecture. You could show them photos or videos of different traditional Chinese buildings such as the Great Wall or the Forbidden City.

2. Chinese calligraphy – it is not only about elegant Chinese characters but also about the rich, long history of the Chinese writing. You could have a display of different styles of calligraphy, or organize a workshop where participants can try it themselves.

3. Tea culture – some people consider tea culture to be one of the quintessential parts of Chinese culture. You could have a display of different Chinese teas, or have a traditional Chinese tea ceremony.

4. Chinese martial arts – Chinese martial arts have been around for centuries, and it is interesting to learn about the philosophy behind them. You could arrange a video showing the movements, or even invite a master to give demonstrations.

These are my suggestions, but there are so many other aspects of Chinese culture that could be explored. I hope your school's International Culture Week will be a success!

All the best,

Li Hua<hr>

Fri, 06 Jan 2023 14:53:31 GMT: "If you are Li Hua, a student of Red Star High School, and your British friend's jim mentioned in your email that their school's International Culture Week is about to start, their class will hold a Chinese culture exhibition, so he asked you for advice and asked you to reply to his email content, including the content of the recommended display, and the reason for the recommendation."
Fri, 06 Jan 2023 14:53:31 GMT: 

Dear Jim, 

It's great to hear that your school is preparing to start its International Culture Week. I'm glad you asked me for some advice and recommendations for the Chinese culture exhibition.

I suggest that you display traditional Chinese attire and food items to highlight the richness of the culture. This includes the iconic cheongsam, silk brocades, Tang suits, auspicious food items, etc. The traditional Chinese costumes and dishes are familiar to all Chinese people, so visitors to the exhibition will be able to gain an insight into traditional Chinese culture.

In addition to displaying traditional attire and food, consider having demonstrations of traditional Chinese dance and music performances as this will be a great way for your classmates to learn more about Chinese culture.

I hope the recommendations above can help you put together a great Chinese culture exhibition!

All the best,
Li Hua<hr>

Fri, 06 Jan 2023 15:41:33 GMT: 20222446 (11 向量) fetched 1044 ("2022-2023学年高一上学期期末测试")
Fri, 06 Jan 2023 16:03:19 GMT: 20222326 (2 王子源) fetched 1044 ("2022-2023学年高一上学期期末测试")
Fri, 06 Jan 2023 16:19:53 GMT: 20222450 (11 李雨峰) fetched 1044 ("2022-2023学年高一上学期期末测试")
Fri, 06 Jan 2023 16:20:00 GMT: 20222775 (11 相卓宇) fetched 1044 ("2022-2023学年高一上学期期末测试")
Fri, 06 Jan 2023 16:20:04 GMT: 20222261 (15 孙琪钧) fetched 1044 ("2022-2023学年高一上学期期末测试")
Fri, 06 Jan 2023 16:20:12 GMT: 20222703 (11 王睿) fetched 1044 ("2022-2023学年高一上学期期末测试")
Fri, 06 Jan 2023 16:20:26 GMT: 20222062 (11 李行) fetched 1044 ("2022-2023学年高一上学期期末测试")
Fri, 06 Jan 2023 16:21:04 GMT: 20222784 (11 徐卿皓) fetched 1044 ("2022-2023学年高一上学期期末测试")
Fri, 06 Jan 2023 16:21:11 GMT: 20222450 (11 李雨峰) fetched 1044 ("2022-2023学年高一上学期期末测试")
Fri, 06 Jan 2023 17:48:29 GMT: 20222520 (9 李荣晋) fetched 1044 ("2022-2023学年高一上学期期末测试")
Fri, 06 Jan 2023 17:49:06 GMT: 20222736 (10 张哲铭) fetched 1044 ("2022-2023学年高一上学期期末测试")
Fri, 06 Jan 2023 17:49:17 GMT: 20222450 (11 李雨峰) fetched 1044 ("2022-2023学年高一上学期期末测试")
Fri, 06 Jan 2023 18:38:30 GMT: 20222446 (11 向量) fetched 1044 ("2022-2023学年高一上学期期末测试")
Fri, 06 Jan 2023 18:58:27 GMT: 20222446 (11 向量) fetched 1044 ("2022-2023学年高一上学期期末测试")
Fri, 06 Jan 2023 19:00:49 GMT: 20222371 (2 曲书格) fetched 1044 ("2022-2023学年高一上学期期末测试")
Fri, 06 Jan 2023 19:04:01 GMT: 20222332 (11 王昱翔) fetched 1044 ("2022-2023学年高一上学期期末测试")
Fri, 06 Jan 2023 19:05:13 GMT: 20222287 (11 林钰淇) fetched 1044 ("2022-2023学年高一上学期期末测试")
Fri, 06 Jan 2023 19:05:43 GMT: 20222396 (11 李世轩) fetched 1044 ("2022-2023学年高一上学期期末测试")
Fri, 06 Jan 2023 19:06:48 GMT: 20222446 (11 向量) fetched 1044 ("2022-2023学年高一上学期期末测试")
Fri, 06 Jan 2023 19:17:12 GMT: 向量,20222105 (2 曹煦) fetched 1044 ("2022-2023学年高一上学期期末测试")
Fri, 06 Jan 2023 19:17:12 GMT: 向量,20222105 (2 曹煦) fetched 1044 ("2022-2023学年高一上学期期末测试")
Fri, 06 Jan 2023 19:19:35 GMT: 向量,20222332 (11 王昱翔) fetched 1044 ("2022-2023学年高一上学期期末测试")
Fri, 06 Jan 2023 19:20:53 GMT: 向量,20222446 (11 向量) fetched 1044 ("2022-2023学年高一上学期期末测试")
Fri, 06 Jan 2023 19:21:54 GMT: 柯天翊 fetched 20222062 (11 李行) 1044 ("2022-2023学年高一上学期期末测试")
Fri, 06 Jan 2023 19:22:51 GMT: 向量 fetched 20222332 (11 王昱翔) 1044 ("2022-2023学年高一上学期期末测试")
Fri, 06 Jan 2023 19:23:41 GMT: 向量 fetched 20222446 (11 向量) 1044 ("2022-2023学年高一上学期期末测试")
Fri, 06 Jan 2023 19:24:26 GMT: 向量 fetched 20222332 (11 王昱翔) 1044 ("2022-2023学年高一上学期期末测试")
Fri, 06 Jan 2023 19:26:25 GMT: 向量 fetched 20222446 (11 向量) 1044 ("2022-2023学年高一上学期期末测试")
Fri, 06 Jan 2023 19:27:22 GMT: 向量 fetched 20222450 (11 李雨峰) 1044 ("2022-2023学年高一上学期期末测试")
Fri, 06 Jan 2023 19:28:19 GMT: 向量 fetched 20222261 (15 孙琪钧) 1044 ("2022-2023学年高一上学期期末测试")
Fri, 06 Jan 2023 19:28:21 GMT: 向量 fetched 20222261 (15 孙琪钧) 1044 ("2022-2023学年高一上学期期末测试")
Fri, 06 Jan 2023 19:31:16 GMT: 李雨峰 fetched 20222450 (11 李雨峰) 1044 ("2022-2023学年高一上学期期末测试")
Fri, 06 Jan 2023 19:32:37 GMT: 李雨峰 fetched 20222446 (11 向量) 1044 ("2022-2023学年高一上学期期末测试")
Fri, 06 Jan 2023 19:33:44 GMT: 李雨峰 fetched 20222775 (11 相卓宇) 1044 ("2022-2023学年高一上学期期末测试")
Fri, 06 Jan 2023 19:34:08 GMT: 李雨峰 fetched 20222450 (11 李雨峰) 1044 ("2022-2023学年高一上学期期末测试")
Fri, 06 Jan 2023 19:35:46 GMT: 李雨峰 fetched 20222062 (11 李行) 1044 ("2022-2023学年高一上学期期末测试")
Fri, 06 Jan 2023 19:37:16 GMT: 李雨峰 fetched 20222213 (11 王雪霏) 1044 ("2022-2023学年高一上学期期末测试")
Fri, 06 Jan 2023 19:38:49 GMT: 向量 fetched 20222446 (11 向量) 1044 ("2022-2023学年高一上学期期末测试")
Fri, 06 Jan 2023 19:39:31 GMT: 李雨峰 fetched 20222450 (11 李雨峰) 1044 ("2022-2023学年高一上学期期末测试")
Fri, 06 Jan 2023 19:45:29 GMT: 李雨峰 fetched 20222334 (13 张铂渊) 1044 ("2022-2023学年高一上学期期末测试")
Fri, 06 Jan 2023 19:46:12 GMT: 李雨峰 fetched 20222261 (15 孙琪钧) 1044 ("2022-2023学年高一上学期期末测试")
