Fri, 06 Jan 2023 19:22:51 GMT: 向量 fetched 20222332 (11 王昱翔) 1044 ("2022-2023学年高一上学期期末测试")
Fri, 06 Jan 2023 19:23:41 GMT: 向量 fetched 20222446 (11 向量) 1044 ("2022-2023学年高一上学期期末测试")
Fri, 06 Jan 2023 19:24:26 GMT: 向量 fetched 20222332 (11 王昱翔) 1044 ("2022-2023学年高一上学期期末测试")
Fri, 06 Jan 2023 19:27:22 GMT: 向量 fetched 20222450 (11 李雨峰) 1044 ("2022-2023学年高一上学期期末测试")
Fri, 06 Jan 2023 19:31:16 GMT: 李雨峰 fetched 20222450 (11 李雨峰) 1044 ("2022-2023学年高一上学期期末测试")
Fri, 06 Jan 2023 19:32:37 GMT: 李雨峰 fetched 20222446 (11 向量) 1044 ("2022-2023学年高一上学期期末测试")
Fri, 06 Jan 2023 19:33:44 GMT: 李雨峰 fetched 20222775 (11 相卓宇) 1044 ("2022-2023学年高一上学期期末测试")
Fri, 06 Jan 2023 19:34:08 GMT: 李雨峰 fetched 20222450 (11 李雨峰) 1044 ("2022-2023学年高一上学期期末测试")
Fri, 06 Jan 2023 19:35:46 GMT: 李雨峰 fetched 20222062 (11 李行) 1044 ("2022-2023学年高一上学期期末测试")
Fri, 06 Jan 2023 19:37:16 GMT: 李雨峰 fetched 20222213 (11 王雪霏) 1044 ("2022-2023学年高一上学期期末测试")
Fri, 06 Jan 2023 19:38:49 GMT: 向量 fetched 20222446 (11 向量) 1044 ("2022-2023学年高一上学期期末测试")
Fri, 06 Jan 2023 19:39:31 GMT: 李雨峰 fetched 20222450 (11 李雨峰) 1044 ("2022-2023学年高一上学期期末测试")
Fri, 06 Jan 2023 19:45:29 GMT: 李雨峰 fetched 20222334 (13 张铂渊) 1044 ("2022-2023学年高一上学期期末测试")
Fri, 06 Jan 2023 19:46:12 GMT: 李雨峰 fetched 20222261 (15 孙琪钧) 1044 ("2022-2023学年高一上学期期末测试")
Fri, 06 Jan 2023 19:48:50 GMT: 李雨峰 fetched 20222521 (6 王暄淇) 1044 ("2022-2023学年高一上学期期末测试")
Fri, 06 Jan 2023 19:52:07 GMT: 李雨峰 fetched 20222337 (12 李润杰) 1044 ("2022-2023学年高一上学期期末测试")
Fri, 06 Jan 2023 20:18:07 GMT: 李雨峰 fetched 20222331 (11 姜雅涵) 1044 ("2022-2023学年高一上学期期末测试")
Fri, 06 Jan 2023 20:22:50 GMT: 李雨峰 fetched 20222736 (10 张哲铭) 1044 ("2022-2023学年高一上学期期末测试")
Fri, 06 Jan 2023 20:23:18 GMT: 李雨峰 fetched 20222520 (9 李荣晋) 1044 ("2022-2023学年高一上学期期末测试")
Fri, 06 Jan 2023 20:38:38 GMT: 李雨峰 fetched 20222287 (11 林钰淇) 1044 ("2022-2023学年高一上学期期末测试")
Sat, 07 Jan 2023 07:32:57 GMT: 向量 fetched 20222368 (11 杜良骏) 1044 ("2022-2023学年高一上学期期末测试")
Sat, 07 Jan 2023 07:33:17 GMT: 向量 fetched 20222446 (11 向量) 1044 ("2022-2023学年高一上学期期末测试")
Sat, 07 Jan 2023 07:47:05 GMT: 向量 fetched 20222446 (11 向量) 1044 ("2022-2023学年高一上学期期末测试")
Sat, 07 Jan 2023 09:01:42 GMT: 李雨峰 fetched 20222213 (11 王雪霏) 1044 ("2022-2023学年高一上学期期末测试")
Sat, 07 Jan 2023 09:12:25 GMT: 向量 fetched 20222446 (11 向量) 1044 ("2022-2023学年高一上学期期末测试")
Sat, 07 Jan 2023 09:42:30 GMT: 李雨峰 fetched 20222213 (11 王雪霏) 1044 ("2022-2023学年高一上学期期末测试")
Sat, 07 Jan 2023 09:45:18 GMT: 李雨峰 fetched 20222749 (11 王子航) 1044 ("2022-2023学年高一上学期期末测试")
Sat, 07 Jan 2023 09:45:20 GMT: 李雨峰 fetched 20222749 (11 王子航) 1044 ("2022-2023学年高一上学期期末测试")
Sat, 07 Jan 2023 09:45:35 GMT: 李雨峰 fetched 20222750 (11 李安然) 1044 ("2022-2023学年高一上学期期末测试")
Sat, 07 Jan 2023 09:48:53 GMT: 李雨峰 fetched 20222213 (11 王雪霏) 1044 ("2022-2023学年高一上学期期末测试")
Sat, 07 Jan 2023 09:48:54 GMT: 李雨峰 fetched 20222213 (11 王雪霏) 1044 ("2022-2023学年高一上学期期末测试")
Sat, 07 Jan 2023 09:53:33 GMT: 李雨峰 fetched 20222290 (6 张淏淳) 1044 ("2022-2023学年高一上学期期末测试")
Sat, 07 Jan 2023 09:53:35 GMT: 李雨峰 fetched 20222290 (6 张淏淳) 1044 ("2022-2023学年高一上学期期末测试")
Sat, 07 Jan 2023 10:05:42 GMT: 向量 fetched 20222446 (11 向量) 1044 ("2022-2023学年高一上学期期末测试")
Sat, 07 Jan 2023 10:11:45 GMT: 向量 fetched 20222446 (11 向量) 1044 ("2022-2023学年高一上学期期末测试")
Sat, 07 Jan 2023 10:12:23 GMT: 向量 fetched 20222450 (11 李雨峰) 1044 ("2022-2023学年高一上学期期末测试")
Sat, 07 Jan 2023 10:14:08 GMT: 李雨峰 fetched 20222450 (11 李雨峰) 1044 ("2022-2023学年高一上学期期末测试")
Sat, 07 Jan 2023 10:26:05 GMT: 李雨峰 fetched 20222450 (11 李雨峰) 1044 ("2022-2023学年高一上学期期末测试")
Sat, 07 Jan 2023 10:26:32 GMT: 李雨峰 fetched 20222213 (11 王雪霏) 1044 ("2022-2023学年高一上学期期末测试")
Sat, 07 Jan 2023 10:28:57 GMT: 李雨峰 fetched 20222749 (11 王子航) 1044 ("2022-2023学年高一上学期期末测试")
Sat, 07 Jan 2023 10:29:18 GMT: 李雨峰 fetched 20222735 (11 董雨霏) 1044 ("2022-2023学年高一上学期期末测试")
Sat, 07 Jan 2023 10:30:24 GMT: 李雨峰 fetched 20222775 (11 相卓宇) 1044 ("2022-2023学年高一上学期期末测试")
Sat, 07 Jan 2023 10:30:47 GMT: 李雨峰 fetched 20222735 (11 董雨霏) 1044 ("2022-2023学年高一上学期期末测试")
Sat, 07 Jan 2023 10:32:56 GMT: 李雨峰 fetched 20222062 (11 李行) 1044 ("2022-2023学年高一上学期期末测试")
Sat, 07 Jan 2023 10:33:20 GMT: 李雨峰 fetched 20222287 (11 林钰淇) 1044 ("2022-2023学年高一上学期期末测试")
Sat, 07 Jan 2023 10:36:56 GMT: 李雨峰 fetched 20222287 (11 林钰淇) 972 ("2022-2023学年第一学期高一年级高考部期中测试")
Sat, 07 Jan 2023 10:37:03 GMT: 李雨峰 fetched 20222287 (11 林钰淇) 1044 ("2022-2023学年高一上学期期末测试")
Sat, 07 Jan 2023 10:40:57 GMT: 李雨峰 fetched 20222331 (11 姜雅涵) 1044 ("2022-2023学年高一上学期期末测试")
Sat, 07 Jan 2023 10:40:59 GMT: 李雨峰 fetched 20222331 (11 姜雅涵) 1044 ("2022-2023学年高一上学期期末测试")
Sat, 07 Jan 2023 10:41:28 GMT: 李雨峰 fetched 20222261 (15 孙琪钧) 1044 ("2022-2023学年高一上学期期末测试")
Sat, 07 Jan 2023 10:51:22 GMT: 李雨峰 fetched 20222287 (11 林钰淇) 1044 ("2022-2023学年高一上学期期末测试")
Sat, 07 Jan 2023 11:12:04 GMT: 李雨峰 fetched 20222450 (11 李雨峰) 1044 ("2022-2023学年高一上学期期末测试")
Sat, 07 Jan 2023 11:20:03 GMT: 向量 fetched 20222446 (11 向量) 1044 ("2022-2023学年高一上学期期末测试")
Sat, 07 Jan 2023 11:22:58 GMT: 李雨峰 fetched 20222261 (15 孙琪钧) 1044 ("2022-2023学年高一上学期期末测试")
Sat, 07 Jan 2023 11:30:49 GMT: 李雨峰 fetched 20222450 (11 李雨峰) 1044 ("2022-2023学年高一上学期期末测试")
Sat, 07 Jan 2023 11:39:26 GMT: 李雨峰 fetched 20222334 (13 张铂渊) 1044 ("2022-2023学年高一上学期期末测试")
Sat, 07 Jan 2023 11:41:23 GMT: 李雨峰 fetched 20222450 (11 李雨峰) 972 ("2022-2023学年第一学期高一年级高考部期中测试")
Sat, 07 Jan 2023 11:41:38 GMT: 李雨峰 fetched 20222450 (11 李雨峰) 1044 ("2022-2023学年高一上学期期末测试")
Sat, 07 Jan 2023 13:36:11 GMT: 向量 fetched 20222446 (11 向量) 1044 ("2022-2023学年高一上学期期末测试")
Sat, 07 Jan 2023 13:45:08 GMT: 李雨峰 fetched 20222450 (11 李雨峰) 1044 ("2022-2023学年高一上学期期末测试")
Sat, 07 Jan 2023 13:46:07 GMT: 李雨峰 fetched 20222446 (11 向量) 1044 ("2022-2023学年高一上学期期末测试")
Sat, 07 Jan 2023 13:48:25 GMT: 李雨峰 fetched 20222450 (11 李雨峰) 1044 ("2022-2023学年高一上学期期末测试")
Sat, 07 Jan 2023 13:51:44 GMT: 向量 fetched 20222446 (11 向量) 1044 ("2022-2023学年高一上学期期末测试")
Sat, 07 Jan 2023 13:52:49 GMT: 李雨峰 fetched 20222775 (11 相卓宇) 1044 ("2022-2023学年高一上学期期末测试")
Sat, 07 Jan 2023 13:53:07 GMT: 李雨峰 fetched 20222331 (11 姜雅涵) 1044 ("2022-2023学年高一上学期期末测试")
Sat, 07 Jan 2023 13:53:10 GMT: 李雨峰 fetched 20222331 (11 姜雅涵) 1044 ("2022-2023学年高一上学期期末测试")
Sat, 07 Jan 2023 13:53:21 GMT: 向量 fetched 20222446 (11 向量) 1044 ("2022-2023学年高一上学期期末测试")
Sat, 07 Jan 2023 13:54:00 GMT: 李雨峰 fetched 20222331 (11 姜雅涵) 1044 ("2022-2023学年高一上学期期末测试")
Sat, 07 Jan 2023 13:54:13 GMT: 李雨峰 fetched 20222775 (11 相卓宇) 1044 ("2022-2023学年高一上学期期末测试")
Sat, 07 Jan 2023 13:54:31 GMT: 李雨峰 fetched 20222287 (11 林钰淇) 1044 ("2022-2023学年高一上学期期末测试")
Sat, 07 Jan 2023 13:54:41 GMT: 向量 fetched 20222807 (4 李怡诺) 1044 ("2022-2023学年高一上学期期末测试")
Sat, 07 Jan 2023 13:56:00 GMT: 向量 fetched 20222446 (11 向量) 1044 ("2022-2023学年高一上学期期末测试")
Sat, 07 Jan 2023 13:58:04 GMT: 李雨峰 fetched 20222450 (11 李雨峰) 1044 ("2022-2023学年高一上学期期末测试")
Sat, 07 Jan 2023 13:58:06 GMT: 李雨峰 fetched 20222450 (11 李雨峰) 1044 ("2022-2023学年高一上学期期末测试")
Sat, 07 Jan 2023 13:59:24 GMT: 向量 fetched 20222446 (11 向量) 1044 ("2022-2023学年高一上学期期末测试")
Sat, 07 Jan 2023 14:08:12 GMT: 向量 fetched 20222446 (11 向量) 1044 ("2022-2023学年高一上学期期末测试")
Sat, 07 Jan 2023 14:13:07 GMT: 李雨峰 fetched 20222287 (11 林钰淇) 1044 ("2022-2023学年高一上学期期末测试")
Sat, 07 Jan 2023 14:13:40 GMT: 李雨峰 fetched 20222450 (11 李雨峰) 1044 ("2022-2023学年高一上学期期末测试")
Sat, 07 Jan 2023 14:14:14 GMT: 李雨峰 fetched 20222450 (11 李雨峰) 1044 ("2022-2023学年高一上学期期末测试")
Sat, 07 Jan 2023 14:22:31 GMT: 李雨峰 fetched 20222450 (11 李雨峰) 1044 ("2022-2023学年高一上学期期末测试")
Sat, 07 Jan 2023 14:24:38 GMT: 李雨峰 fetched 20222450 (11 李雨峰) 1044 ("2022-2023学年高一上学期期末测试")
Sat, 07 Jan 2023 14:25:01 GMT: 李雨峰 fetched 20222450 (11 李雨峰) 1044 ("2022-2023学年高一上学期期末测试")
Sat, 07 Jan 2023 14:25:33 GMT: 李雨峰 fetched 20222213 (11 王雪霏) 1044 ("2022-2023学年高一上学期期末测试")
Sat, 07 Jan 2023 14:28:05 GMT: 李雨峰 fetched 20222213 (11 王雪霏) 1044 ("2022-2023学年高一上学期期末测试")
Sat, 07 Jan 2023 14:28:40 GMT: 向量 fetched 20222297 (10 傅天骄) 1044 ("2022-2023学年高一上学期期末测试")
Sat, 07 Jan 2023 14:45:27 GMT: 李雨峰 fetched 20222287 (11 林钰淇) 1044 ("2022-2023学年高一上学期期末测试")
Sat, 07 Jan 2023 14:46:33 GMT: 樊青扬 fetched 20222316 (11 樊青扬) 1044 ("2022-2023学年高一上学期期末测试")
Sat, 07 Jan 2023 14:49:16 GMT: 向量 fetched 20222446 (11 向量) 1044 ("2022-2023学年高一上学期期末测试")
Sat, 07 Jan 2023 14:50:27 GMT: 向量 fetched 20222446 (11 向量) 1044 ("2022-2023学年高一上学期期末测试")
Sat, 07 Jan 2023 14:50:52 GMT: 樊青扬 fetched 20222213 (11 王雪霏) 1044 ("2022-2023学年高一上学期期末测试")
Sat, 07 Jan 2023 14:51:11 GMT: 樊青扬 fetched 20222316 (11 樊青扬) 1044 ("2022-2023学年高一上学期期末测试")
Sat, 07 Jan 2023 14:51:36 GMT: 李雨峰 fetched 20222287 (11 林钰淇) 1044 ("2022-2023学年高一上学期期末测试")
Sat, 07 Jan 2023 14:51:44 GMT: 向量 fetched 20222446 (11 向量) 1044 ("2022-2023学年高一上学期期末测试")
Sat, 07 Jan 2023 14:52:03 GMT: 樊青扬 fetched 20222335 (6 姚瑀桐) 1044 ("2022-2023学年高一上学期期末测试")
Sat, 07 Jan 2023 14:52:16 GMT: 樊青扬 fetched 20222316 (11 樊青扬) 1044 ("2022-2023学年高一上学期期末测试")
Sat, 07 Jan 2023 14:54:43 GMT: 向量 fetched 20222446 (11 向量) 1044 ("2022-2023学年高一上学期期末测试")
Sat, 07 Jan 2023 14:55:14 GMT: 向量 fetched 20222446 (11 向量) 1044 ("2022-2023学年高一上学期期末测试")
Sat, 07 Jan 2023 14:56:38 GMT: 李雨峰 fetched 20222450 (11 李雨峰) 1044 ("2022-2023学年高一上学期期末测试")
Sat, 07 Jan 2023 14:57:38 GMT: 向量 fetched 20222446 (11 向量) 1044 ("2022-2023学年高一上学期期末测试")
Sat, 07 Jan 2023 15:12:48 GMT: 李雨峰 fetched 20222450 (11 李雨峰) 1044 ("2022-2023学年高一上学期期末测试")
Sat, 07 Jan 2023 15:13:05 GMT: 李雨峰 fetched 20222450 (11 李雨峰) 1044 ("2022-2023学年高一上学期期末测试")
Sat, 07 Jan 2023 15:19:26 GMT: 李雨峰 fetched 20222261 (15 孙琪钧) 1044 ("2022-2023学年高一上学期期末测试")
Sat, 07 Jan 2023 15:19:27 GMT: 李雨峰 fetched 20222261 (15 孙琪钧) 1044 ("2022-2023学年高一上学期期末测试")
Sat, 07 Jan 2023 15:22:17 GMT: 李雨峰 fetched 20222194 (14 徐砺珅) 1044 ("2022-2023学年高一上学期期末测试")
Sat, 07 Jan 2023 15:22:18 GMT: 李雨峰 fetched 20222194 (14 徐砺珅) 1044 ("2022-2023学年高一上学期期末测试")
Sat, 07 Jan 2023 15:23:21 GMT: 李雨峰 fetched 20222221 (14 孙若初) 1044 ("2022-2023学年高一上学期期末测试")
Sat, 07 Jan 2023 15:23:51 GMT: 李雨峰 fetched 20222450 (11 李雨峰) 1044 ("2022-2023学年高一上学期期末测试")
Sat, 07 Jan 2023 15:36:32 GMT: 向量 fetched 20222446 (11 向量) 1044 ("2022-2023学年高一上学期期末测试")
Sat, 07 Jan 2023 15:37:29 GMT: 李雨峰 fetched 20222450 (11 李雨峰) 1044 ("2022-2023学年高一上学期期末测试")
Sat, 07 Jan 2023 15:40:22 GMT: 李雨峰 fetched 20222450 (11 李雨峰) 1044 ("2022-2023学年高一上学期期末测试")
Sat, 07 Jan 2023 15:55:06 GMT: 向量 fetched 20222105 (2 曹煦) 1044 ("2022-2023学年高一上学期期末测试")
Sat, 07 Jan 2023 16:52:13 GMT: 李雨峰 fetched 20222450 (11 李雨峰) 1044 ("2022-2023学年高一上学期期末测试")
Sat, 07 Jan 2023 16:53:22 GMT: 李雨峰 fetched 20222446 (11 向量) 1044 ("2022-2023学年高一上学期期末测试")
Sat, 07 Jan 2023 16:59:18 GMT: 李雨峰 fetched 20222450 (11 李雨峰) 1044 ("2022-2023学年高一上学期期末测试")
Sat, 07 Jan 2023 16:59:31 GMT: 樊青扬 fetched 20222316 (11 樊青扬) 1044 ("2022-2023学年高一上学期期末测试")
Sat, 07 Jan 2023 17:00:38 GMT: 李雨峰 fetched 20222775 (11 相卓宇) 1044 ("2022-2023学年高一上学期期末测试")
Sat, 07 Jan 2023 17:01:20 GMT: 李雨峰 fetched 20222331 (11 姜雅涵) 1044 ("2022-2023学年高一上学期期末测试")
Sat, 07 Jan 2023 17:01:38 GMT: 李雨峰 fetched 20222213 (11 王雪霏) 1044 ("2022-2023学年高一上学期期末测试")
Sat, 07 Jan 2023 17:11:05 GMT: 李雨峰 fetched 20222450 (11 李雨峰) 1044 ("2022-2023学年高一上学期期末测试")
Sat, 07 Jan 2023 17:12:51 GMT: 李雨峰 fetched 20222450 (11 李雨峰) 1044 ("2022-2023学年高一上学期期末测试")
Sat, 07 Jan 2023 17:14:06 GMT: 樊青扬 fetched 20222739 (11 白怡嘉) 1044 ("2022-2023学年高一上学期期末测试")
Sat, 07 Jan 2023 17:14:44 GMT: 樊青扬 fetched 20222316 (11 樊青扬) 1044 ("2022-2023学年高一上学期期末测试")
Sat, 07 Jan 2023 17:17:56 GMT: 李雨峰 fetched 20222450 (11 李雨峰) 1044 ("2022-2023学年高一上学期期末测试")
Sat, 07 Jan 2023 17:17:58 GMT: 李雨峰 fetched 20222450 (11 李雨峰) 1044 ("2022-2023学年高一上学期期末测试")
Sat, 07 Jan 2023 17:18:16 GMT: 李雨峰 fetched 20222287 (11 林钰淇) 1044 ("2022-2023学年高一上学期期末测试")
Sat, 07 Jan 2023 17:20:38 GMT: 李雨峰 fetched 20222287 (11 林钰淇) 1044 ("2022-2023学年高一上学期期末测试")
Sat, 07 Jan 2023 17:20:52 GMT: undefined fetched 20222267 (13 唐乐诚) 1044 ("2022-2023学年高一上学期期末测试")
Sat, 07 Jan 2023 17:22:00 GMT: 樊青扬 fetched 20222739 (11 白怡嘉) 1044 ("2022-2023学年高一上学期期末测试")
Sat, 07 Jan 2023 17:23:58 GMT: 樊青扬 fetched 20222316 (11 樊青扬) 1044 ("2022-2023学年高一上学期期末测试")
Sat, 07 Jan 2023 17:24:20 GMT: 李雨峰 fetched 20222287 (11 林钰淇) 1044 ("2022-2023学年高一上学期期末测试")
Sat, 07 Jan 2023 17:24:21 GMT: 李雨峰 fetched 20222287 (11 林钰淇) 1044 ("2022-2023学年高一上学期期末测试")
Sat, 07 Jan 2023 17:24:31 GMT: 李雨峰 fetched 20222450 (11 李雨峰) 1044 ("2022-2023学年高一上学期期末测试")
Sat, 07 Jan 2023 17:24:40 GMT: 白怡嘉 fetched 20222739 (11 白怡嘉) 1044 ("2022-2023学年高一上学期期末测试")
Sat, 07 Jan 2023 17:25:43 GMT: 白怡嘉 fetched 20222739 (11 白怡嘉) 1044 ("2022-2023学年高一上学期期末测试")
Sat, 07 Jan 2023 17:25:51 GMT: 樊青扬 fetched 20222213 (11 王雪霏) 1044 ("2022-2023学年高一上学期期末测试")
Sat, 07 Jan 2023 17:26:22 GMT: 白怡嘉 fetched 20222739 (11 白怡嘉) 1044 ("2022-2023学年高一上学期期末测试")
Sat, 07 Jan 2023 17:27:35 GMT: 白怡嘉 fetched 20222267 (13 唐乐诚) 1044 ("2022-2023学年高一上学期期末测试")
Sat, 07 Jan 2023 17:28:14 GMT: 李雨峰 fetched 20222450 (11 李雨峰) 1044 ("2022-2023学年高一上学期期末测试")
Sat, 07 Jan 2023 17:28:51 GMT: 李雨峰 fetched 20222450 (11 李雨峰) 1044 ("2022-2023学年高一上学期期末测试")
Sat, 07 Jan 2023 17:28:52 GMT: 李雨峰 fetched 20222450 (11 李雨峰) 1044 ("2022-2023学年高一上学期期末测试")
Sat, 07 Jan 2023 17:29:21 GMT: 白怡嘉 fetched 20222739 (11 白怡嘉) 1044 ("2022-2023学年高一上学期期末测试")
Sat, 07 Jan 2023 17:33:04 GMT: 白怡嘉 fetched 20222564 (9 韩奕祾) 1044 ("2022-2023学年高一上学期期末测试")
Sat, 07 Jan 2023 17:33:32 GMT: 白怡嘉 fetched 20222267 (13 唐乐诚) 1044 ("2022-2023学年高一上学期期末测试")
Sat, 07 Jan 2023 17:34:00 GMT: 白怡嘉 fetched 20222406 (13 齐家骥) 1044 ("2022-2023学年高一上学期期末测试")
Sat, 07 Jan 2023 17:41:46 GMT: 李雨峰 fetched 20222261 (15 孙琪钧) 1044 ("2022-2023学年高一上学期期末测试")
Sat, 07 Jan 2023 18:59:11 GMT: 李雨峰 fetched 20222450 (11 李雨峰) 1044 ("2022-2023学年高一上学期期末测试")
Sat, 07 Jan 2023 19:03:27 GMT: 李雨峰 fetched 20222450 (11 李雨峰) 1044 ("2022-2023学年高一上学期期末测试")
Sat, 07 Jan 2023 19:05:52 GMT: 樊青扬 fetched 20222316 (11 樊青扬) 1044 ("2022-2023学年高一上学期期末测试")
Sat, 07 Jan 2023 19:32:54 GMT: 李雨峰 fetched 20222450 (11 李雨峰) 1044 ("2022-2023学年高一上学期期末测试")
Sat, 07 Jan 2023 19:34:13 GMT: 李雨峰 fetched 20222775 (11 相卓宇) 1044 ("2022-2023学年高一上学期期末测试")
Sat, 07 Jan 2023 19:34:51 GMT: undefined fetched 20212227 (13 王宇泽) 1043 ("2022-2023学年高二上期末测试")
Sat, 07 Jan 2023 19:47:05 GMT: 向量 fetched 20222196 (13 李宁远) 1044 ("2022-2023学年高一上学期期末测试")
Sat, 07 Jan 2023 19:47:06 GMT: 向量 fetched 20222001 (12 王超然) 1044 ("2022-2023学年高一上学期期末测试")
Sat, 07 Jan 2023 19:50:10 GMT: 向量 fetched 20222196 (13 李宁远) 1044 ("2022-2023学年高一上学期期末测试")
Sat, 07 Jan 2023 20:15:34 GMT: 向量 fetched 20222446 (11 向量) 1044 ("2022-2023学年高一上学期期末测试")
Sat, 07 Jan 2023 21:09:12 GMT: 向量 fetched 20222102 (10 李景天) 1044 ("2022-2023学年高一上学期期末测试")
Sat, 07 Jan 2023 21:31:21 GMT: undefined fetched 20222210 (14 王依格) 1044 ("2022-2023学年高一上学期期末测试")
Sat, 07 Jan 2023 22:25:27 GMT: undefined fetched 20181690 (8 吴厚成) 213 ("2018-2019学年北师大实验中学初一年级期末考试")
Sat, 07 Jan 2023 22:26:33 GMT: undefined fetched 20212999 (13 已隐藏) 1043 ("2022-2023学年高二上期末测试")
Sat, 07 Jan 2023 22:26:53 GMT: undefined fetched 20181690 (8 吴厚成) 213 ("2018-2019学年北师大实验中学初一年级期末考试")
Sat, 07 Jan 2023 22:26:57 GMT: undefined fetched 20212999 (13 已隐藏) 1043 ("2022-2023学年高二上期末测试")
Sat, 07 Jan 2023 22:27:03 GMT: undefined fetched 20181690 (8 吴厚成) 213 ("2018-2019学年北师大实验中学初一年级期末考试")
Sat, 07 Jan 2023 22:27:10 GMT: undefined fetched 20212689 (11 吴厚成) 1043 ("2022-2023学年高二上期末测试")
Sat, 07 Jan 2023 23:29:35 GMT: 向量 fetched 20222446 (11 向量) 1044 ("2022-2023学年高一上学期期末测试")
Sun, 08 Jan 2023 07:33:04 GMT: 李雨峰 fetched 20222450 (11 李雨峰) 1044 ("2022-2023学年高一上学期期末测试")
Sun, 08 Jan 2023 07:40:15 GMT: 樊青扬 fetched 20222316 (11 樊青扬) 1044 ("2022-2023学年高一上学期期末测试")
Sun, 08 Jan 2023 07:41:17 GMT: 向量 fetched 20222446 (11 向量) 1044 ("2022-2023学年高一上学期期末测试")
Sun, 08 Jan 2023 08:37:17 GMT: 向量 fetched 20222807 (4 李怡诺) 1044 ("2022-2023学年高一上学期期末测试")
Sun, 08 Jan 2023 08:40:16 GMT: 向量 fetched 20222446 (11 向量) 1044 ("2022-2023学年高一上学期期末测试")
Sun, 08 Jan 2023 08:40:25 GMT: 向量 fetched 20222450 (11 李雨峰) 1044 ("2022-2023学年高一上学期期末测试")
Sun, 08 Jan 2023 08:46:58 GMT: 向量 fetched 20222446 (11 向量) 1044 ("2022-2023学年高一上学期期末测试")
Sun, 08 Jan 2023 08:47:28 GMT: 向量 fetched 20222446 (11 向量) 1044 ("2022-2023学年高一上学期期末测试")
Sun, 08 Jan 2023 08:47:43 GMT: 向量 fetched 20222450 (11 李雨峰) 1044 ("2022-2023学年高一上学期期末测试")
Sun, 08 Jan 2023 08:52:19 GMT: 李雨峰 fetched 20222446 (11 向量) 1044 ("2022-2023学年高一上学期期末测试")
Sun, 08 Jan 2023 08:53:37 GMT: 李雨峰 fetched 20222450 (11 李雨峰) 1044 ("2022-2023学年高一上学期期末测试")
Sun, 08 Jan 2023 08:53:46 GMT: 李雨峰 fetched 20222775 (11 相卓宇) 1044 ("2022-2023学年高一上学期期末测试")
Sun, 08 Jan 2023 08:53:50 GMT: 李雨峰 fetched 20222331 (11 姜雅涵) 1044 ("2022-2023学年高一上学期期末测试")
Sun, 08 Jan 2023 08:54:13 GMT: 李雨峰 fetched 20222450 (11 李雨峰) 1044 ("2022-2023学年高一上学期期末测试")
Sun, 08 Jan 2023 08:57:23 GMT: 向量 fetched 20222450 (11 李雨峰) 972 ("2022-2023学年第一学期高一年级高考部期中测试")
Sun, 08 Jan 2023 08:57:39 GMT: 李雨峰 fetched 20222450 (11 李雨峰) 972 ("2022-2023学年第一学期高一年级高考部期中测试")
Sun, 08 Jan 2023 08:57:54 GMT: 向量 fetched 20222450 (11 李雨峰) 972 ("2022-2023学年第一学期高一年级高考部期中测试")
Sun, 08 Jan 2023 09:30:00 GMT: 向量 fetched 20222446 (11 向量) 1044 ("2022-2023学年高一上学期期末测试")
Sun, 08 Jan 2023 09:33:59 GMT: 向量 fetched 20222449 (8 王子骞) 1044 ("2022-2023学年高一上学期期末测试")
Sun, 08 Jan 2023 10:00:05 GMT: undefined fetched 20222739 (11 白怡嘉) 1044 ("2022-2023学年高一上学期期末测试")
Sun, 08 Jan 2023 10:03:35 GMT: 白怡嘉 fetched 20222167 (13 李镕石) 1044 ("2022-2023学年高一上学期期末测试")
Sun, 08 Jan 2023 10:05:20 GMT: undefined fetched 20222739 (11 白怡嘉) 1044 ("2022-2023学年高一上学期期末测试")
Sun, 08 Jan 2023 10:51:48 GMT: 樊青扬 fetched 20222316 (11 樊青扬) 1021 ("12月16日高一高考部物理测试")
Sun, 08 Jan 2023 10:52:06 GMT: 樊青扬 fetched 20222316 (11 樊青扬) 1044 ("2022-2023学年高一上学期期末测试")
Sun, 08 Jan 2023 10:53:21 GMT: 樊青扬 fetched 20222316 (11 樊青扬) 1044 ("2022-2023学年高一上学期期末测试")
Sun, 08 Jan 2023 10:53:43 GMT: 林钰淇 fetched 20222287 (11 林钰淇) 1044 ("2022-2023学年高一上学期期末测试")
Sun, 08 Jan 2023 11:10:27 GMT: 林钰淇 fetched 20222287 (11 林钰淇) 1044 ("2022-2023学年高一上学期期末测试")
Sun, 08 Jan 2023 11:13:02 GMT: 向量 fetched 20222446 (11 向量) 1044 ("2022-2023学年高一上学期期末测试")
Sun, 08 Jan 2023 11:14:19 GMT: 李雨峰 fetched 20222450 (11 李雨峰) 1044 ("2022-2023学年高一上学期期末测试")
Sun, 08 Jan 2023 11:14:34 GMT: undefined fetched 20212649 (10 柳明泽) 1043 ("2022-2023学年高二上期末测试")
Sun, 08 Jan 2023 11:15:19 GMT: 李雨峰 fetched 20222446 (11 向量) 1044 ("2022-2023学年高一上学期期末测试")
Sun, 08 Jan 2023 11:15:32 GMT: 李雨峰 fetched 20222213 (11 王雪霏) 1044 ("2022-2023学年高一上学期期末测试")
Sun, 08 Jan 2023 11:15:37 GMT: 李雨峰 fetched 20222775 (11 相卓宇) 1044 ("2022-2023学年高一上学期期末测试")
Sun, 08 Jan 2023 11:15:43 GMT: 李雨峰 fetched 20222331 (11 姜雅涵) 1044 ("2022-2023学年高一上学期期末测试")
Sun, 08 Jan 2023 11:15:47 GMT: 李雨峰 fetched 20222062 (11 李行) 1044 ("2022-2023学年高一上学期期末测试")
Sun, 08 Jan 2023 11:17:01 GMT: 李雨峰 fetched 20222450 (11 李雨峰) 1044 ("2022-2023学年高一上学期期末测试")
Sun, 08 Jan 2023 11:18:49 GMT: 向量 fetched 20222297 (10 傅天骄) 1044 ("2022-2023学年高一上学期期末测试")
Sun, 08 Jan 2023 11:19:04 GMT: 李雨峰 fetched 20222450 (11 李雨峰) 1044 ("2022-2023学年高一上学期期末测试")
Sun, 08 Jan 2023 11:19:19 GMT: 向量 fetched 20222332 (11 王昱翔) 1044 ("2022-2023学年高一上学期期末测试")
Sun, 08 Jan 2023 11:21:10 GMT: 李雨峰 fetched 20222261 (15 孙琪钧) 1044 ("2022-2023学年高一上学期期末测试")
Sun, 08 Jan 2023 11:22:43 GMT: 李雨峰 fetched 20222334 (13 张铂渊) 1044 ("2022-2023学年高一上学期期末测试")
Sun, 08 Jan 2023 11:24:10 GMT: undefined fetched 20212689 (11 吴厚成) 1043 ("2022-2023学年高二上期末测试")
Sun, 08 Jan 2023 11:24:51 GMT: 李雨峰 fetched 20222521 (6 王暄淇) 1044 ("2022-2023学年高一上学期期末测试")
Sun, 08 Jan 2023 11:25:10 GMT: undefined fetched 20222739 (11 白怡嘉) 1044 ("2022-2023学年高一上学期期末测试")
Sun, 08 Jan 2023 11:27:03 GMT: 李雨峰 fetched 20222331 (11 姜雅涵) 1044 ("2022-2023学年高一上学期期末测试")
Sun, 08 Jan 2023 11:27:46 GMT: 李雨峰 fetched 20222062 (11 李行) 1044 ("2022-2023学年高一上学期期末测试")
Sun, 08 Jan 2023 11:28:30 GMT: 李雨峰 fetched 20222221 (14 孙若初) 1044 ("2022-2023学年高一上学期期末测试")
Sun, 08 Jan 2023 11:28:51 GMT: 李雨峰 fetched 20222775 (11 相卓宇) 1044 ("2022-2023学年高一上学期期末测试")
Sun, 08 Jan 2023 11:29:23 GMT: 向量 fetched 20222446 (11 向量) 1044 ("2022-2023学年高一上学期期末测试")
Sun, 08 Jan 2023 11:29:34 GMT: 李雨峰 fetched 20222194 (14 徐砺珅) 1044 ("2022-2023学年高一上学期期末测试")
Sun, 08 Jan 2023 11:29:55 GMT: undefined fetched 20222739 (11 白怡嘉) 1044 ("2022-2023学年高一上学期期末测试")
Sun, 08 Jan 2023 11:30:45 GMT: 李雨峰 fetched 20222287 (11 林钰淇) 1044 ("2022-2023学年高一上学期期末测试")
Sun, 08 Jan 2023 11:33:37 GMT: 李雨峰 fetched 20222396 (11 李世轩) 1044 ("2022-2023学年高一上学期期末测试")
Sun, 08 Jan 2023 11:33:45 GMT: 李雨峰 fetched 20222784 (11 徐卿皓) 1044 ("2022-2023学年高一上学期期末测试")
Sun, 08 Jan 2023 11:33:55 GMT: 李雨峰 fetched 20222735 (11 董雨霏) 1044 ("2022-2023学年高一上学期期末测试")
Sun, 08 Jan 2023 11:38:38 GMT: 李雨峰 fetched 20222450 (11 李雨峰) 1044 ("2022-2023学年高一上学期期末测试")
Sun, 08 Jan 2023 11:39:07 GMT: 李雨峰 fetched 20222261 (15 孙琪钧) 1044 ("2022-2023学年高一上学期期末测试")
Sun, 08 Jan 2023 11:40:40 GMT: 向量 fetched 20222446 (11 向量) 1044 ("2022-2023学年高一上学期期末测试")
Sun, 08 Jan 2023 11:43:46 GMT: 向量 fetched 20222446 (11 向量) 1044 ("2022-2023学年高一上学期期末测试")
Sun, 08 Jan 2023 11:44:46 GMT: 向量 fetched 20222446 (11 向量) 1044 ("2022-2023学年高一上学期期末测试")
Sun, 08 Jan 2023 11:45:33 GMT: 向量 fetched 20222446 (11 向量) 1044 ("2022-2023学年高一上学期期末测试")
Sun, 08 Jan 2023 11:46:49 GMT: 向量 fetched 20222446 (11 向量) 1044 ("2022-2023学年高一上学期期末测试")
Sun, 08 Jan 2023 11:47:32 GMT: 向量 fetched 20222446 (11 向量) 1044 ("2022-2023学年高一上学期期末测试")
Sun, 08 Jan 2023 11:49:06 GMT: 樊青扬 fetched 20222316 (11 樊青扬) 1044 ("2022-2023学年高一上学期期末测试")
Sun, 08 Jan 2023 11:49:29 GMT: 樊青扬 fetched 20222397 (11 李沛洋) 1044 ("2022-2023学年高一上学期期末测试")
Sun, 08 Jan 2023 11:50:40 GMT: 樊青扬 fetched 20222316 (11 樊青扬) 1044 ("2022-2023学年高一上学期期末测试")
Sun, 08 Jan 2023 11:51:30 GMT: 向量 fetched 20222062 (11 李行) 1044 ("2022-2023学年高一上学期期末测试")
Sun, 08 Jan 2023 11:53:30 GMT: 樊青扬 fetched 20222397 (11 李沛洋) 1044 ("2022-2023学年高一上学期期末测试")
Sun, 08 Jan 2023 11:55:22 GMT: 林钰淇 fetched 20222287 (11 林钰淇) 1044 ("2022-2023学年高一上学期期末测试")
Sun, 08 Jan 2023 11:55:52 GMT: 樊青扬 fetched 20222129 (11 王韬越) 1044 ("2022-2023学年高一上学期期末测试")
Sun, 08 Jan 2023 11:57:34 GMT: 樊青扬 fetched 20222397 (11 李沛洋) 1044 ("2022-2023学年高一上学期期末测试")
Sun, 08 Jan 2023 12:01:43 GMT: 向量 fetched 20222446 (11 向量) 1044 ("2022-2023学年高一上学期期末测试")
Sun, 08 Jan 2023 12:06:21 GMT: 樊青扬 fetched 20222316 (11 樊青扬) 1044 ("2022-2023学年高一上学期期末测试")
Sun, 08 Jan 2023 12:13:54 GMT: 向量 fetched 20222450 (11 李雨峰) 1044 ("2022-2023学年高一上学期期末测试")
Sun, 08 Jan 2023 12:20:11 GMT: 金奕扬 fetched 20222508 (11 金奕扬) 1044 ("2022-2023学年高一上学期期末测试")
Sun, 08 Jan 2023 12:20:31 GMT: 林钰淇 fetched 20222331 (11 姜雅涵) 1044 ("2022-2023学年高一上学期期末测试")
Sun, 08 Jan 2023 12:22:15 GMT: 林钰淇 fetched 20222213 (11 王雪霏) 1044 ("2022-2023学年高一上学期期末测试")
Sun, 08 Jan 2023 12:22:16 GMT: 林钰淇 fetched 20222213 (11 王雪霏) 1044 ("2022-2023学年高一上学期期末测试")
Sun, 08 Jan 2023 12:22:18 GMT: 林钰淇 fetched 20222213 (11 王雪霏) 1044 ("2022-2023学年高一上学期期末测试")
Sun, 08 Jan 2023 12:22:35 GMT: 金奕扬 fetched 20222508 (11 金奕扬) 1044 ("2022-2023学年高一上学期期末测试")
Sun, 08 Jan 2023 12:23:26 GMT: 林钰淇 fetched 20222062 (11 李行) 1044 ("2022-2023学年高一上学期期末测试")
Sun, 08 Jan 2023 12:24:08 GMT: undefined fetched 20222357 (11 张羽睿) 1044 ("2022-2023学年高一上学期期末测试")
Sun, 08 Jan 2023 12:24:13 GMT: 林钰淇 fetched 20222703 (11 王睿) 1044 ("2022-2023学年高一上学期期末测试")
Sun, 08 Jan 2023 12:24:15 GMT: 林钰淇 fetched 20222703 (11 王睿) 1044 ("2022-2023学年高一上学期期末测试")
Sun, 08 Jan 2023 12:26:40 GMT: 金奕扬 fetched 20222032 (12 李昊林) 1044 ("2022-2023学年高一上学期期末测试")
Sun, 08 Jan 2023 12:27:20 GMT: 金奕扬 fetched 20222062 (11 李行) 1044 ("2022-2023学年高一上学期期末测试")
Sun, 08 Jan 2023 12:27:23 GMT: 林钰淇 fetched 20222213 (11 王雪霏) 1044 ("2022-2023学年高一上学期期末测试")
Sun, 08 Jan 2023 12:27:26 GMT: 林钰淇 fetched 20222213 (11 王雪霏) 1044 ("2022-2023学年高一上学期期末测试")
Sun, 08 Jan 2023 12:29:13 GMT: 林钰淇 fetched 20222062 (11 李行) 1044 ("2022-2023学年高一上学期期末测试")
Sun, 08 Jan 2023 12:29:20 GMT: 金奕扬 fetched 20222213 (11 王雪霏) 1044 ("2022-2023学年高一上学期期末测试")
Sun, 08 Jan 2023 12:29:59 GMT: 金奕扬 fetched 20222215 (14 缪睿) 1044 ("2022-2023学年高一上学期期末测试")
Sun, 08 Jan 2023 12:31:12 GMT: 金奕扬 fetched 20222321 (12 何书羽) 1044 ("2022-2023学年高一上学期期末测试")
Sun, 08 Jan 2023 12:31:59 GMT: 林钰淇 fetched 20222062 (11 李行) 1044 ("2022-2023学年高一上学期期末测试")
Sun, 08 Jan 2023 12:32:04 GMT: 王昱翔 fetched 20222332 (11 王昱翔) 1023 ("12月20日高一高考部数学测试")
Sun, 08 Jan 2023 12:32:05 GMT: 林钰淇 fetched 20222750 (11 李安然) 1044 ("2022-2023学年高一上学期期末测试")
Sun, 08 Jan 2023 12:32:23 GMT: 金奕扬 fetched 20222334 (13 张铂渊) 1044 ("2022-2023学年高一上学期期末测试")
Sun, 08 Jan 2023 12:33:20 GMT: 王昱翔 fetched 20222332 (11 王昱翔) 1028 ("12月23日高一高考部化学测试")
Sun, 08 Jan 2023 12:34:06 GMT: 金奕扬 fetched 20222476 (1 董知宇) 1044 ("2022-2023学年高一上学期期末测试")
Sun, 08 Jan 2023 12:34:23 GMT: 王昱翔 fetched 20222332 (11 王昱翔) 1021 ("12月16日高一高考部物理测试")
Sun, 08 Jan 2023 12:34:54 GMT: 金奕扬 fetched 20222521 (6 王暄淇) 1044 ("2022-2023学年高一上学期期末测试")
Sun, 08 Jan 2023 12:35:29 GMT: 林钰淇 fetched 20222368 (11 杜良骏) 1044 ("2022-2023学年高一上学期期末测试")
Sun, 08 Jan 2023 12:36:17 GMT: 林钰淇 fetched 20222703 (11 王睿) 1044 ("2022-2023学年高一上学期期末测试")
Sun, 08 Jan 2023 12:36:21 GMT: 金奕扬 fetched 20222745 (11 刘宇伦) 1044 ("2022-2023学年高一上学期期末测试")
Sun, 08 Jan 2023 12:36:44 GMT: 金奕扬 fetched 20222749 (11 王子航) 1044 ("2022-2023学年高一上学期期末测试")
Sun, 08 Jan 2023 12:36:48 GMT: 金奕扬 fetched 20222749 (11 王子航) 1044 ("2022-2023学年高一上学期期末测试")
Sun, 08 Jan 2023 12:39:12 GMT: 林钰淇 fetched 20222316 (11 樊青扬) 1044 ("2022-2023学年高一上学期期末测试")
Sun, 08 Jan 2023 12:39:24 GMT: 樊青扬 fetched 20222739 (11 白怡嘉) 1044 ("2022-2023学年高一上学期期末测试")
Sun, 08 Jan 2023 12:40:50 GMT: 林钰淇 fetched 20222732 (11 于思易) 1044 ("2022-2023学年高一上学期期末测试")
Sun, 08 Jan 2023 12:40:51 GMT: 林钰淇 fetched 20222732 (11 于思易) 1044 ("2022-2023学年高一上学期期末测试")
Sun, 08 Jan 2023 12:40:59 GMT: 金奕扬 fetched 20222332 (11 王昱翔) 1044 ("2022-2023学年高一上学期期末测试")
Sun, 08 Jan 2023 12:43:08 GMT: 金奕扬 fetched 20222508 (11 金奕扬) 1044 ("2022-2023学年高一上学期期末测试")
Sun, 08 Jan 2023 12:44:13 GMT: 金奕扬 fetched 20222332 (11 王昱翔) 1044 ("2022-2023学年高一上学期期末测试")
Sun, 08 Jan 2023 12:44:46 GMT: 金奕扬 fetched 20222521 (6 王暄淇) 1044 ("2022-2023学年高一上学期期末测试")
Sun, 08 Jan 2023 12:45:14 GMT: 林钰淇 fetched 20222210 (14 王依格) 1044 ("2022-2023学年高一上学期期末测试")
Sun, 08 Jan 2023 12:45:14 GMT: 金奕扬 fetched 20222321 (12 何书羽) 1044 ("2022-2023学年高一上学期期末测试")
Sun, 08 Jan 2023 12:46:34 GMT: 林钰淇 fetched 20222215 (14 缪睿) 1044 ("2022-2023学年高一上学期期末测试")
Sun, 08 Jan 2023 12:46:44 GMT: 金奕扬 fetched 20222062 (11 李行) 1044 ("2022-2023学年高一上学期期末测试")
Sun, 08 Jan 2023 12:46:56 GMT: 金奕扬 fetched 20222062 (11 李行) 1044 ("2022-2023学年高一上学期期末测试")
Sun, 08 Jan 2023 12:46:56 GMT: 金奕扬 fetched 20222062 (11 李行) 1044 ("2022-2023学年高一上学期期末测试")
Sun, 08 Jan 2023 12:47:58 GMT: 金奕扬 fetched 20222508 (11 金奕扬) 1044 ("2022-2023学年高一上学期期末测试")
Sun, 08 Jan 2023 12:49:39 GMT: 金奕扬 fetched 20222287 (11 林钰淇) 1044 ("2022-2023学年高一上学期期末测试")
Sun, 08 Jan 2023 12:50:06 GMT: 金奕扬 fetched 20222368 (11 杜良骏) 1044 ("2022-2023学年高一上学期期末测试")
Sun, 08 Jan 2023 12:51:15 GMT: 李沛洋 fetched 20222397 (11 李沛洋) 1044 ("2022-2023学年高一上学期期末测试")
Sun, 08 Jan 2023 12:53:52 GMT: 林钰淇 fetched 20222549 (15 齐宸晗) 1044 ("2022-2023学年高一上学期期末测试")
Sun, 08 Jan 2023 13:00:46 GMT: 樊青扬 fetched 20222316 (11 樊青扬) 1044 ("2022-2023学年高一上学期期末测试")
Sun, 08 Jan 2023 13:02:44 GMT: 林钰淇 fetched 20222396 (11 李世轩) 1044 ("2022-2023学年高一上学期期末测试")
Sun, 08 Jan 2023 13:09:30 GMT: 金奕扬 fetched 20222261 (15 孙琪钧) 1044 ("2022-2023学年高一上学期期末测试")
Sun, 08 Jan 2023 13:10:18 GMT: 金奕扬 fetched 20222508 (11 金奕扬) 1044 ("2022-2023学年高一上学期期末测试")
Sun, 08 Jan 2023 13:12:21 GMT: 金奕扬 fetched 20222446 (11 向量) 1044 ("2022-2023学年高一上学期期末测试")
Sun, 08 Jan 2023 13:12:23 GMT: 金奕扬 fetched 20222446 (11 向量) 1044 ("2022-2023学年高一上学期期末测试")
Sun, 08 Jan 2023 13:15:01 GMT: 林钰淇 fetched 20222332 (11 王昱翔) 1044 ("2022-2023学年高一上学期期末测试")
Sun, 08 Jan 2023 13:15:21 GMT: 金奕扬 fetched 20222044 (11 左临轩) 1044 ("2022-2023学年高一上学期期末测试")
Sun, 08 Jan 2023 13:16:08 GMT: undefined fetched 20222267 (13 唐乐诚) 1044 ("2022-2023学年高一上学期期末测试")
Sun, 08 Jan 2023 13:16:08 GMT: 林钰淇 fetched 20222749 (11 王子航) 1044 ("2022-2023学年高一上学期期末测试")
Sun, 08 Jan 2023 13:17:23 GMT: 林钰淇 fetched 20222347 (11 叶澄阳) 1044 ("2022-2023学年高一上学期期末测试")
Sun, 08 Jan 2023 13:20:50 GMT: 白怡嘉 fetched 20222739 (11 白怡嘉) 1044 ("2022-2023学年高一上学期期末测试")
Sun, 08 Jan 2023 13:21:09 GMT: 白怡嘉 fetched 20222267 (13 唐乐诚) 1044 ("2022-2023学年高一上学期期末测试")
Sun, 08 Jan 2023 13:21:59 GMT: 白怡嘉 fetched 20222564 (9 韩奕祾) 1044 ("2022-2023学年高一上学期期末测试")
Sun, 08 Jan 2023 13:22:47 GMT: 白怡嘉 fetched 20222406 (13 齐家骥) 1044 ("2022-2023学年高一上学期期末测试")
Sun, 08 Jan 2023 13:23:06 GMT: 白怡嘉 fetched 20222267 (13 唐乐诚) 1044 ("2022-2023学年高一上学期期末测试")
Sun, 08 Jan 2023 13:23:27 GMT: 向量 fetched 20222446 (11 向量) 1044 ("2022-2023学年高一上学期期末测试")
Sun, 08 Jan 2023 13:47:28 GMT: 王昱翔 fetched 20222332 (11 王昱翔) 1044 ("2022-2023学年高一上学期期末测试")
Sun, 08 Jan 2023 13:52:43 GMT: 樊青扬 fetched 20222213 (11 王雪霏) 1044 ("2022-2023学年高一上学期期末测试")
Sun, 08 Jan 2023 13:53:48 GMT: 王昱翔 fetched 20222332 (11 王昱翔) 1044 ("2022-2023学年高一上学期期末测试")
Sun, 08 Jan 2023 13:57:44 GMT: 王昱翔 fetched 20222332 (11 王昱翔) 1044 ("2022-2023学年高一上学期期末测试")
Sun, 08 Jan 2023 14:06:14 GMT: 白怡嘉 fetched 20222167 (13 李镕石) 1044 ("2022-2023学年高一上学期期末测试")
Sun, 08 Jan 2023 14:07:55 GMT: 白怡嘉 fetched 20222739 (11 白怡嘉) 1044 ("2022-2023学年高一上学期期末测试")
Sun, 08 Jan 2023 14:12:16 GMT: 白怡嘉 fetched 20222739 (11 白怡嘉) 972 ("2022-2023学年第一学期高一年级高考部期中测试")
Sun, 08 Jan 2023 14:14:07 GMT: 白怡嘉 fetched 20222739 (11 白怡嘉) 1044 ("2022-2023学年高一上学期期末测试")
Sun, 08 Jan 2023 14:15:59 GMT: 白怡嘉 fetched 20222739 (11 白怡嘉) 972 ("2022-2023学年第一学期高一年级高考部期中测试")
Sun, 08 Jan 2023 14:18:54 GMT: 白怡嘉 fetched 20222739 (11 白怡嘉) 1044 ("2022-2023学年高一上学期期末测试")
Sun, 08 Jan 2023 14:28:34 GMT: 金奕扬 fetched 20222321 (12 何书羽) 1044 ("2022-2023学年高一上学期期末测试")
Sun, 08 Jan 2023 14:42:06 GMT: undefined fetched 20222297 (10 傅天骄) 1044 ("2022-2023学年高一上学期期末测试")
Sun, 08 Jan 2023 15:00:24 GMT: 林钰淇 fetched 20222331 (11 姜雅涵) 1044 ("2022-2023学年高一上学期期末测试")
Sun, 08 Jan 2023 15:04:44 GMT: 金奕扬 fetched 20222508 (11 金奕扬) 1044 ("2022-2023学年高一上学期期末测试")
Sun, 08 Jan 2023 15:05:37 GMT: undefined fetched 20222004 (10 余安) 1044 ("2022-2023学年高一上学期期末测试")
Sun, 08 Jan 2023 15:29:55 GMT: 林钰淇 fetched 20222435 (15 梁钧华) 1044 ("2022-2023学年高一上学期期末测试")
Sun, 08 Jan 2023 15:30:58 GMT: 林钰淇 fetched 20222437 (5 李晨希) 1044 ("2022-2023学年高一上学期期末测试")
Sun, 08 Jan 2023 15:31:08 GMT: undefined fetched 20222004 (10 余安) 1044 ("2022-2023学年高一上学期期末测试")
Sun, 08 Jan 2023 15:34:05 GMT: 林钰淇 fetched 20222534 (2 王子琨) 1044 ("2022-2023学年高一上学期期末测试")
Sun, 08 Jan 2023 15:35:16 GMT: 林钰淇 fetched 20222433 (2 邢安) 1044 ("2022-2023学年高一上学期期末测试")
Sun, 08 Jan 2023 15:35:36 GMT: 林钰淇 fetched 20222287 (11 林钰淇) 1044 ("2022-2023学年高一上学期期末测试")
Sun, 08 Jan 2023 15:35:36 GMT: 林钰淇 fetched 20222287 (11 林钰淇) 1044 ("2022-2023学年高一上学期期末测试")
Sun, 08 Jan 2023 15:36:29 GMT: 林钰淇 fetched 20222287 (11 林钰淇) 972 ("2022-2023学年第一学期高一年级高考部期中测试")
Sun, 08 Jan 2023 15:37:25 GMT: undefined fetched 20222004 (10 余安) 1044 ("2022-2023学年高一上学期期末测试")
Sun, 08 Jan 2023 15:37:34 GMT: 林钰淇 fetched 20222524 (9 解舒然) 1044 ("2022-2023学年高一上学期期末测试")
Sun, 08 Jan 2023 15:38:18 GMT: 林钰淇 fetched 20222528 (9 吴梓畅) 1044 ("2022-2023学年高一上学期期末测试")
Sun, 08 Jan 2023 15:38:58 GMT: 林钰淇 fetched 20222501 (15 周生淳) 1044 ("2022-2023学年高一上学期期末测试")
Sun, 08 Jan 2023 15:39:29 GMT: 林钰淇 fetched 20222517 (11 周生朴) 1044 ("2022-2023学年高一上学期期末测试")
Sun, 08 Jan 2023 15:41:18 GMT: 林钰淇 fetched 20222214 (14 高毓涵) 1044 ("2022-2023学年高一上学期期末测试")
Sun, 08 Jan 2023 15:42:04 GMT: 林钰淇 fetched 20222220 (14 刘乐涵) 1044 ("2022-2023学年高一上学期期末测试")
Sun, 08 Jan 2023 15:43:01 GMT: undefined fetched 20212210 (13 卫明淇) 1043 ("2022-2023学年高二上期末测试")
Sun, 08 Jan 2023 16:52:59 GMT: 林钰淇 fetched 20222287 (11 林钰淇) 972 ("2022-2023学年第一学期高一年级高考部期中测试")
Sun, 08 Jan 2023 17:02:36 GMT: undefined fetched 20222210 (14 王依格) 1044 ("2022-2023学年高一上学期期末测试")
Sun, 08 Jan 2023 17:12:58 GMT: 林钰淇 fetched 20222440 (9 余沐春) 1044 ("2022-2023学年高一上学期期末测试")
Sun, 08 Jan 2023 17:13:34 GMT: 林钰淇 fetched 20222051 (8 杨博闻) 1044 ("2022-2023学年高一上学期期末测试")
Sun, 08 Jan 2023 17:14:38 GMT: 林钰淇 fetched 20222033 (15 赵澄轩) 1044 ("2022-2023学年高一上学期期末测试")
Sun, 08 Jan 2023 17:15:49 GMT: 林钰淇 fetched 20222446 (11 向量) 1044 ("2022-2023学年高一上学期期末测试")
Sun, 08 Jan 2023 17:16:39 GMT: 林钰淇 fetched 20222507 (11 战量) 1044 ("2022-2023学年高一上学期期末测试")
Sun, 08 Jan 2023 17:18:16 GMT: 林钰淇 fetched 20222408 (3 左超逸) 1044 ("2022-2023学年高一上学期期末测试")
Sun, 08 Jan 2023 17:18:59 GMT: 林钰淇 fetched 20222213 (11 王雪霏) 1044 ("2022-2023学年高一上学期期末测试")
Sun, 08 Jan 2023 17:42:34 GMT: 林钰淇 fetched 20222331 (11 姜雅涵) 1044 ("2022-2023学年高一上学期期末测试")
Sun, 08 Jan 2023 17:45:10 GMT: undefined fetched 20212227 (13 王宇泽) 1043 ("2022-2023学年高二上期末测试")
Sun, 08 Jan 2023 17:46:13 GMT: undefined fetched 20212227 (13 王宇泽) 1043 ("2022-2023学年高二上期末测试")
Sun, 08 Jan 2023 18:03:07 GMT: 林钰淇 fetched 20222095 (11 赵一绮) 1044 ("2022-2023学年高一上学期期末测试")
Sun, 08 Jan 2023 18:04:28 GMT: 林钰淇 fetched 20222735 (11 董雨霏) 1044 ("2022-2023学年高一上学期期末测试")
Sun, 08 Jan 2023 18:06:39 GMT: 林钰淇 fetched 20222735 (11 董雨霏) 1044 ("2022-2023学年高一上学期期末测试")
Sun, 08 Jan 2023 18:31:44 GMT: 金奕扬 fetched 20222508 (11 金奕扬) 1044 ("2022-2023学年高一上学期期末测试")
Sun, 08 Jan 2023 18:44:42 GMT: 王昱翔 fetched 20222332 (11 王昱翔) 1044 ("2022-2023学年高一上学期期末测试")
Sun, 08 Jan 2023 18:49:49 GMT: 林钰淇 fetched 20222213 (11 王雪霏) 1044 ("2022-2023学年高一上学期期末测试")
Sun, 08 Jan 2023 18:53:14 GMT: 林钰淇 fetched 20222213 (11 王雪霏) 1044 ("2022-2023学年高一上学期期末测试")
Sun, 08 Jan 2023 18:54:37 GMT: 林钰淇 fetched 20222213 (11 王雪霏) 1044 ("2022-2023学年高一上学期期末测试")
Sun, 08 Jan 2023 19:07:18 GMT: 林钰淇 fetched 20222062 (11 李行) 1044 ("2022-2023学年高一上学期期末测试")
Sun, 08 Jan 2023 19:09:14 GMT: 林钰淇 fetched 20222232 (14 陈玥希) 1044 ("2022-2023学年高一上学期期末测试")
Sun, 08 Jan 2023 19:23:16 GMT: 林钰淇 fetched 20222332 (11 王昱翔) 1044 ("2022-2023学年高一上学期期末测试")
Sun, 08 Jan 2023 19:29:09 GMT: 林钰淇 fetched 20222750 (11 李安然) 1044 ("2022-2023学年高一上学期期末测试")
Sun, 08 Jan 2023 20:06:36 GMT: 向量 fetched 20222446 (11 向量) 1044 ("2022-2023学年高一上学期期末测试")
Sun, 08 Jan 2023 20:10:49 GMT: 向量 fetched 20222446 (11 向量) 1044 ("2022-2023学年高一上学期期末测试")
Sun, 08 Jan 2023 20:11:01 GMT: 向量 fetched 20212227 (13 王宇泽) 1043 ("2022-2023学年高二上期末测试")
Sun, 08 Jan 2023 20:12:49 GMT: 李沛洋 fetched 20222397 (11 李沛洋) 1044 ("2022-2023学年高一上学期期末测试")
Sun, 08 Jan 2023 20:13:30 GMT: 李沛洋 fetched 20222719 (15 徐卢一鸣) 1044 ("2022-2023学年高一上学期期末测试")
Sun, 08 Jan 2023 20:18:14 GMT: 李沛洋 fetched 20222214 (14 高毓涵) 1044 ("2022-2023学年高一上学期期末测试")
Sun, 08 Jan 2023 20:36:44 GMT: 王昱翔 fetched 20222332 (11 王昱翔) 1044 ("2022-2023学年高一上学期期末测试")
Sun, 08 Jan 2023 20:39:55 GMT: 姜雅涵 fetched 20222331 (11 姜雅涵) 1044 ("2022-2023学年高一上学期期末测试")
Sun, 08 Jan 2023 21:23:40 GMT: 李雨峰 fetched 20222396 (11 李世轩) 1044 ("2022-2023学年高一上学期期末测试")
Sun, 08 Jan 2023 21:24:06 GMT: 李雨峰 fetched 20222062 (11 李行) 1044 ("2022-2023学年高一上学期期末测试")
Sun, 08 Jan 2023 21:24:22 GMT: 李雨峰 fetched 20222446 (11 向量) 1044 ("2022-2023学年高一上学期期末测试")
Sun, 08 Jan 2023 21:24:37 GMT: 李雨峰 fetched 20222287 (11 林钰淇) 1044 ("2022-2023学年高一上学期期末测试")
Sun, 08 Jan 2023 21:35:08 GMT: 姜雅涵 fetched 20222332 (11 王昱翔) 1044 ("2022-2023学年高一上学期期末测试")
Sun, 08 Jan 2023 21:35:15 GMT: 姜雅涵 fetched 20222331 (11 姜雅涵) 1044 ("2022-2023学年高一上学期期末测试")
Sun, 08 Jan 2023 21:35:25 GMT: 姜雅涵 fetched 20222330 (13 丁悦扬) 1044 ("2022-2023学年高一上学期期末测试")
Sun, 08 Jan 2023 21:35:53 GMT: 姜雅涵 fetched 20222332 (11 王昱翔) 1044 ("2022-2023学年高一上学期期末测试")
Sun, 08 Jan 2023 21:36:26 GMT: 姜雅涵 fetched 20222356 (11 郭容宇) 1044 ("2022-2023学年高一上学期期末测试")
Sun, 08 Jan 2023 21:37:39 GMT: 姜雅涵 fetched 20222347 (11 叶澄阳) 1044 ("2022-2023学年高一上学期期末测试")
Sun, 08 Jan 2023 21:38:36 GMT: 姜雅涵 fetched 20222331 (11 姜雅涵) 1044 ("2022-2023学年高一上学期期末测试")
Sun, 08 Jan 2023 21:38:45 GMT: 姜雅涵 fetched 20222332 (11 王昱翔) 1044 ("2022-2023学年高一上学期期末测试")
Sun, 08 Jan 2023 21:38:58 GMT: undefined fetched 20222213 (11 王雪霏) 1044 ("2022-2023学年高一上学期期末测试")
Sun, 08 Jan 2023 21:39:01 GMT: 王昱翔 fetched 20222332 (11 王昱翔) 1044 ("2022-2023学年高一上学期期末测试")
Sun, 08 Jan 2023 21:39:37 GMT: 姜雅涵 fetched 20222739 (11 白怡嘉) 1044 ("2022-2023学年高一上学期期末测试")
Sun, 08 Jan 2023 21:39:45 GMT: 李雨峰 fetched 20222261 (15 孙琪钧) 1044 ("2022-2023学年高一上学期期末测试")
Sun, 08 Jan 2023 21:40:21 GMT: 姜雅涵 fetched 20222044 (11 左临轩) 1044 ("2022-2023学年高一上学期期末测试")
Sun, 08 Jan 2023 21:40:56 GMT: 姜雅涵 fetched 20222396 (11 李世轩) 1044 ("2022-2023学年高一上学期期末测试")
Sun, 08 Jan 2023 21:41:24 GMT: 姜雅涵 fetched 20222703 (11 王睿) 1044 ("2022-2023学年高一上学期期末测试")
Sun, 08 Jan 2023 21:42:19 GMT: 姜雅涵 fetched 20222213 (11 王雪霏) 1044 ("2022-2023学年高一上学期期末测试")
Sun, 08 Jan 2023 21:42:42 GMT: 姜雅涵 fetched 20222062 (11 李行) 1044 ("2022-2023学年高一上学期期末测试")
Sun, 08 Jan 2023 21:43:09 GMT: 姜雅涵 fetched 20222551 (11 张皓淇) 1044 ("2022-2023学年高一上学期期末测试")
Sun, 08 Jan 2023 21:44:08 GMT: 王昱翔 fetched 20222332 (11 王昱翔) 1044 ("2022-2023学年高一上学期期末测试")
Sun, 08 Jan 2023 21:44:39 GMT: 姜雅涵 fetched 20222454 (8 冶正) 1044 ("2022-2023学年高一上学期期末测试")
Sun, 08 Jan 2023 21:45:38 GMT: 林钰淇 fetched 20222287 (11 林钰淇) 1044 ("2022-2023学年高一上学期期末测试")
Sun, 08 Jan 2023 21:45:38 GMT: 姜雅涵 fetched 20222368 (11 杜良骏) 1044 ("2022-2023学年高一上学期期末测试")
Sun, 08 Jan 2023 21:45:52 GMT: 姜雅涵 fetched 20222332 (11 王昱翔) 1044 ("2022-2023学年高一上学期期末测试")
Sun, 08 Jan 2023 21:46:22 GMT: 姜雅涵 fetched 20222749 (11 王子航) 1044 ("2022-2023学年高一上学期期末测试")
Sun, 08 Jan 2023 21:47:31 GMT: 姜雅涵 fetched 20222774 (11 何天熙) 1044 ("2022-2023学年高一上学期期末测试")
Sun, 08 Jan 2023 21:48:53 GMT: 李雨峰 fetched 20222775 (11 相卓宇) 1044 ("2022-2023学年高一上学期期末测试")
Sun, 08 Jan 2023 21:49:10 GMT: 李雨峰 fetched 20222450 (11 李雨峰) 1044 ("2022-2023学年高一上学期期末测试")
Sun, 08 Jan 2023 21:49:39 GMT: 李雨峰 fetched 20222261 (15 孙琪钧) 1044 ("2022-2023学年高一上学期期末测试")
Sun, 08 Jan 2023 22:14:43 GMT: undefined fetched 20222579 (10 郭锐) 1044 ("2022-2023学年高一上学期期末测试")
Sun, 08 Jan 2023 22:42:58 GMT: 向量 fetched 20222252 (9 梅俐) 1044 ("2022-2023学年高一上学期期末测试")
Sun, 08 Jan 2023 22:46:59 GMT: 向量 fetched 20222446 (11 向量) 1044 ("2022-2023学年高一上学期期末测试")
Sun, 08 Jan 2023 22:52:43 GMT: 王昱翔 fetched 20222332 (11 王昱翔) 1044 ("2022-2023学年高一上学期期末测试")
Sun, 08 Jan 2023 23:59:39 GMT: 向量 fetched 20181690 (8 吴厚成) 213 ("2018-2019学年北师大实验中学初一年级期末考试")
Mon, 09 Jan 2023 00:03:44 GMT: 向量 fetched 20212689 (11 吴厚成) 1013 ("高二物理模拟训练4")
Mon, 09 Jan 2023 00:04:12 GMT: 向量 fetched 20212689 (11 吴厚成) 999 ("11月29日高二物理测试")
Mon, 09 Jan 2023 00:04:59 GMT: 向量 fetched 20212689 (11 吴厚成) 970 ("2022-2023学年第一学期高二年级高考部期中测试")
Mon, 09 Jan 2023 01:01:07 GMT: 向量 fetched 20212689 (11 吴厚成) 970 ("2022-2023学年第一学期高二年级高考部期中测试")
Mon, 09 Jan 2023 01:08:32 GMT: 向量 fetched 20212689 (11 吴厚成) 970 ("2022-2023学年第一学期高二年级高考部期中测试")
Mon, 09 Jan 2023 01:56:07 GMT: 向量 fetched 20181690 (8 吴厚成) 213 ("2018-2019学年北师大实验中学初一年级期末考试")
Mon, 09 Jan 2023 06:50:34 GMT: 向量 fetched 20212689 (11 吴厚成) 970 ("2022-2023学年第一学期高二年级高考部期中测试")
Mon, 09 Jan 2023 07:25:30 GMT: 林钰淇 fetched 20222287 (11 林钰淇) 1044 ("2022-2023学年高一上学期期末测试")
Mon, 09 Jan 2023 08:22:12 GMT: undefined fetched 20222297 (10 傅天骄) 1021 ("12月16日高一高考部物理测试")
Mon, 09 Jan 2023 09:15:29 GMT: 王子航 fetched 20222749 (11 王子航) 1044 ("2022-2023学年高一上学期期末测试")
Mon, 09 Jan 2023 09:33:56 GMT: 王子航 fetched 20222213 (11 王雪霏) 1044 ("2022-2023学年高一上学期期末测试")
Mon, 09 Jan 2023 09:38:44 GMT: 王子航 fetched 20222062 (11 李行) 1044 ("2022-2023学年高一上学期期末测试")
Mon, 09 Jan 2023 09:42:05 GMT: 王子航 fetched 20222750 (11 李安然) 1044 ("2022-2023学年高一上学期期末测试")
Mon, 09 Jan 2023 09:43:18 GMT: 王子航 fetched 20222735 (11 董雨霏) 1044 ("2022-2023学年高一上学期期末测试")
Mon, 09 Jan 2023 09:43:54 GMT: undefined fetched 20222297 (10 傅天骄) 1021 ("12月16日高一高考部物理测试")
Mon, 09 Jan 2023 09:44:17 GMT: 王子航 fetched 20222547 (15 王燕呢) 1044 ("2022-2023学年高一上学期期末测试")
Mon, 09 Jan 2023 09:46:03 GMT: 王子航 fetched 20222221 (14 孙若初) 1044 ("2022-2023学年高一上学期期末测试")
Mon, 09 Jan 2023 09:46:35 GMT: 林钰淇 fetched 20222287 (11 林钰淇) 1044 ("2022-2023学年高一上学期期末测试")
Mon, 09 Jan 2023 09:46:50 GMT: 王子航 fetched 20222752 (15 赵和昀) 1044 ("2022-2023学年高一上学期期末测试")
Mon, 09 Jan 2023 09:49:32 GMT: 王子航 fetched 20222747 (2 南朋序) 1044 ("2022-2023学年高一上学期期末测试")
Mon, 09 Jan 2023 09:58:30 GMT: 林钰淇 fetched 20222213 (11 王雪霏) 1044 ("2022-2023学年高一上学期期末测试")
Mon, 09 Jan 2023 09:59:17 GMT: 向量 fetched 20222446 (11 向量) 1044 ("2022-2023学年高一上学期期末测试")
Mon, 09 Jan 2023 11:16:38 GMT: 林钰淇 fetched 20222331 (11 姜雅涵) 1044 ("2022-2023学年高一上学期期末测试")
Mon, 09 Jan 2023 11:19:36 GMT: 林钰淇 fetched 20222446 (11 向量) 1044 ("2022-2023学年高一上学期期末测试")
Mon, 09 Jan 2023 11:20:37 GMT: 樊青扬 fetched 20222316 (11 樊青扬) 1044 ("2022-2023学年高一上学期期末测试")
Mon, 09 Jan 2023 11:20:44 GMT: 金奕扬 fetched 20222508 (11 金奕扬) 1044 ("2022-2023学年高一上学期期末测试")
Mon, 09 Jan 2023 12:20:19 GMT: undefined fetched 20181690 (8 吴厚成) 213 ("2018-2019学年北师大实验中学初一年级期末考试")
Mon, 09 Jan 2023 12:21:40 GMT: 樊青扬 fetched 20222316 (11 樊青扬) 972 ("2022-2023学年第一学期高一年级高考部期中测试")
Mon, 09 Jan 2023 12:21:50 GMT: undefined fetched 20181690 (8 吴厚成) 213 ("2018-2019学年北师大实验中学初一年级期末考试")
Mon, 09 Jan 2023 12:23:34 GMT: 向量 fetched 20222446 (11 向量) 1044 ("2022-2023学年高一上学期期末测试")
Mon, 09 Jan 2023 12:32:34 GMT: 李雨峰 fetched 20222287 (11 林钰淇) 1044 ("2022-2023学年高一上学期期末测试")
Mon, 09 Jan 2023 12:36:22 GMT: 李雨峰 fetched 20222287 (11 林钰淇) 972 ("2022-2023学年第一学期高一年级高考部期中测试")
Mon, 09 Jan 2023 12:36:30 GMT: 李雨峰 fetched 20222450 (11 李雨峰) 972 ("2022-2023学年第一学期高一年级高考部期中测试")
Mon, 09 Jan 2023 12:37:21 GMT: 李雨峰 fetched 20222446 (11 向量) 972 ("2022-2023学年第一学期高一年级高考部期中测试")
Mon, 09 Jan 2023 12:37:34 GMT: 李雨峰 fetched 20222750 (11 李安然) 972 ("2022-2023学年第一学期高一年级高考部期中测试")
Mon, 09 Jan 2023 12:38:03 GMT: 李雨峰 fetched 20222396 (11 李世轩) 972 ("2022-2023学年第一学期高一年级高考部期中测试")
Mon, 09 Jan 2023 12:38:08 GMT: 李雨峰 fetched 20222062 (11 李行) 972 ("2022-2023学年第一学期高一年级高考部期中测试")
Mon, 09 Jan 2023 12:38:13 GMT: 李雨峰 fetched 20222446 (11 向量) 972 ("2022-2023学年第一学期高一年级高考部期中测试")
Mon, 09 Jan 2023 12:39:46 GMT: 李雨峰 fetched 20222732 (11 于思易) 972 ("2022-2023学年第一学期高一年级高考部期中测试")
Mon, 09 Jan 2023 13:43:43 GMT: 向量 fetched 20222446 (11 向量) 1044 ("2022-2023学年高一上学期期末测试")
Mon, 09 Jan 2023 13:46:30 GMT: 向量 fetched 20222396 (11 李世轩) 1044 ("2022-2023学年高一上学期期末测试")
Mon, 09 Jan 2023 13:48:15 GMT: 向量 fetched 20222446 (11 向量) 1044 ("2022-2023学年高一上学期期末测试")
Mon, 09 Jan 2023 14:03:19 GMT: 向量 fetched 20222446 (11 向量) 1044 ("2022-2023学年高一上学期期末测试")
Mon, 09 Jan 2023 14:04:48 GMT: 李世轩 fetched 20222396 (11 李世轩) 1044 ("2022-2023学年高一上学期期末测试")
Mon, 09 Jan 2023 14:10:45 GMT: 李世轩 fetched 20222062 (11 李行) 1044 ("2022-2023学年高一上学期期末测试")
Mon, 09 Jan 2023 14:25:11 GMT: 向量 fetched 20222446 (11 向量) 1044 ("2022-2023学年高一上学期期末测试")
Mon, 09 Jan 2023 14:36:24 GMT: undefined fetched 20222297 (10 傅天骄) 1044 ("2022-2023学年高一上学期期末测试")
Mon, 09 Jan 2023 14:38:04 GMT: undefined fetched 20222297 (10 傅天骄) 1044 ("2022-2023学年高一上学期期末测试")
Mon, 09 Jan 2023 14:44:43 GMT: 向量 fetched 20222446 (11 向量) 1044 ("2022-2023学年高一上学期期末测试")
Mon, 09 Jan 2023 15:19:05 GMT: 樊青扬 fetched 20222316 (11 樊青扬) 1044 ("2022-2023学年高一上学期期末测试")
Mon, 09 Jan 2023 15:20:45 GMT: 李沛洋 fetched 20222397 (11 李沛洋) 1044 ("2022-2023学年高一上学期期末测试")
Mon, 09 Jan 2023 15:32:08 GMT: 樊青扬 fetched 20222316 (11 樊青扬) 1044 ("2022-2023学年高一上学期期末测试")
Mon, 09 Jan 2023 15:40:55 GMT: undefined fetched 20212227 (13 王宇泽) 1043 ("2022-2023学年高二上期末测试")
Mon, 09 Jan 2023 15:49:57 GMT: 向量 fetched 20222446 (11 向量) 1044 ("2022-2023学年高一上学期期末测试")
Mon, 09 Jan 2023 16:40:17 GMT: 李世轩 fetched 20222396 (11 李世轩) 1044 ("2022-2023学年高一上学期期末测试")
Mon, 09 Jan 2023 16:46:49 GMT: undefined fetched 20222403 (10 刘语涵) 1044 ("2022-2023学年高一上学期期末测试")
Mon, 09 Jan 2023 18:02:56 GMT: 金奕扬 fetched 20222508 (11 金奕扬) 1044 ("2022-2023学年高一上学期期末测试")
Mon, 09 Jan 2023 18:03:23 GMT: 金奕扬 fetched 20222321 (12 何书羽) 1044 ("2022-2023学年高一上学期期末测试")
Mon, 09 Jan 2023 19:54:01 GMT: undefined fetched 20222403 (10 刘语涵) 1044 ("2022-2023学年高一上学期期末测试")
Mon, 09 Jan 2023 19:55:29 GMT: undefined fetched 20222779 (4 王嘉玮) 1044 ("2022-2023学年高一上学期期末测试")
Mon, 09 Jan 2023 20:55:55 GMT: 向量 fetched 20181690 (8 吴厚成) 213 ("2018-2019学年北师大实验中学初一年级期末考试")
Mon, 09 Jan 2023 20:56:21 GMT: 向量 fetched 20212689 (11 吴厚成) 970 ("2022-2023学年第一学期高二年级高考部期中测试")
Mon, 09 Jan 2023 21:05:33 GMT: 樊青扬 fetched 20222335 (6 姚瑀桐) 1044 ("2022-2023学年高一上学期期末测试")
Mon, 09 Jan 2023 21:06:38 GMT: 樊青扬 fetched 20222316 (11 樊青扬) 1044 ("2022-2023学年高一上学期期末测试")
Mon, 09 Jan 2023 21:25:58 GMT: undefined fetched 20222297 (10 傅天骄) 972 ("2022-2023学年第一学期高一年级高考部期中测试")
Mon, 09 Jan 2023 22:31:48 GMT: 王子航 fetched 20222287 (11 林钰淇) 1044 ("2022-2023学年高一上学期期末测试")
Mon, 09 Jan 2023 22:33:06 GMT: 王子航 fetched 20222224 (14 周子尧) 1044 ("2022-2023学年高一上学期期末测试")
Mon, 09 Jan 2023 22:34:55 GMT: 王子航 fetched 20222188 (14 李知临) 1044 ("2022-2023学年高一上学期期末测试")
Mon, 09 Jan 2023 22:40:19 GMT: 向量 fetched 20222446 (11 向量) 1044 ("2022-2023学年高一上学期期末测试")
Mon, 09 Jan 2023 22:40:25 GMT: 向量 fetched 20222446 (11 向量) 972 ("2022-2023学年第一学期高一年级高考部期中测试")
Mon, 09 Jan 2023 23:00:32 GMT: 林钰淇 fetched 20222287 (11 林钰淇) 1044 ("2022-2023学年高一上学期期末测试")
Mon, 09 Jan 2023 23:06:07 GMT: 林钰淇 fetched 20222287 (11 林钰淇) 1044 ("2022-2023学年高一上学期期末测试")
Mon, 09 Jan 2023 23:07:18 GMT: 林钰淇 fetched 20222396 (11 李世轩) 1044 ("2022-2023学年高一上学期期末测试")
Tue, 10 Jan 2023 07:43:42 GMT: 林钰淇 fetched 20222287 (11 林钰淇) 1044 ("2022-2023学年高一上学期期末测试")
Tue, 10 Jan 2023 07:43:42 GMT: 林钰淇 fetched 20222287 (11 林钰淇) 1044 ("2022-2023学年高一上学期期末测试")
Tue, 10 Jan 2023 07:49:06 GMT: 林钰淇 fetched 20222287 (11 林钰淇) 1044 ("2022-2023学年高一上学期期末测试")
Tue, 10 Jan 2023 07:55:57 GMT: 向量 fetched 20222446 (11 向量) 1044 ("2022-2023学年高一上学期期末测试")
Tue, 10 Jan 2023 08:09:59 GMT: 白怡嘉 fetched 20222406 (13 齐家骥) 1044 ("2022-2023学年高一上学期期末测试")
Tue, 10 Jan 2023 08:10:22 GMT: 白怡嘉 fetched 20222548 (13 周隐夏) 1044 ("2022-2023学年高一上学期期末测试")
Tue, 10 Jan 2023 08:10:49 GMT: 白怡嘉 fetched 20222267 (13 唐乐诚) 1044 ("2022-2023学年高一上学期期末测试")
Tue, 10 Jan 2023 08:13:52 GMT: 林钰淇 fetched 20222044 (11 左临轩) 1044 ("2022-2023学年高一上学期期末测试")
Tue, 10 Jan 2023 09:17:15 GMT: 向量 fetched 20212227 (13 王宇泽) 1043 ("2022-2023学年高二上期末测试")
Tue, 10 Jan 2023 09:20:01 GMT: 李世轩 fetched 20222396 (11 李世轩) 1044 ("2022-2023学年高一上学期期末测试")
Tue, 10 Jan 2023 11:11:46 GMT: 林钰淇 fetched 20222732 (11 于思易) 1044 ("2022-2023学年高一上学期期末测试")
Tue, 10 Jan 2023 11:11:47 GMT: 林钰淇 fetched 20222732 (11 于思易) 1044 ("2022-2023学年高一上学期期末测试")
Tue, 10 Jan 2023 11:14:07 GMT: 林钰淇 fetched 20222357 (11 张羽睿) 1044 ("2022-2023学年高一上学期期末测试")
Tue, 10 Jan 2023 11:15:35 GMT: 林钰淇 fetched 20222356 (11 郭容宇) 1044 ("2022-2023学年高一上学期期末测试")
Tue, 10 Jan 2023 11:16:36 GMT: 林钰淇 fetched 20222750 (11 李安然) 1044 ("2022-2023学年高一上学期期末测试")
Tue, 10 Jan 2023 11:16:57 GMT: 林钰淇 fetched 20222062 (11 李行) 1044 ("2022-2023学年高一上学期期末测试")
Tue, 10 Jan 2023 11:16:58 GMT: 林钰淇 fetched 20222062 (11 李行) 1044 ("2022-2023学年高一上学期期末测试")
Tue, 10 Jan 2023 11:18:16 GMT: 林钰淇 fetched 20222726 (11 滕悦如) 1044 ("2022-2023学年高一上学期期末测试")
Tue, 10 Jan 2023 11:25:23 GMT: 李世轩 fetched 20222396 (11 李世轩) 972 ("2022-2023学年第一学期高一年级高考部期中测试")
Tue, 10 Jan 2023 14:12:07 GMT: 林钰淇 fetched 20222287 (11 林钰淇) 1044 ("2022-2023学年高一上学期期末测试")
Tue, 10 Jan 2023 14:19:32 GMT: 林钰淇 fetched 20222287 (11 林钰淇) 1044 ("2022-2023学年高一上学期期末测试")
Tue, 10 Jan 2023 14:42:24 GMT: 林钰淇 fetched 20222287 (11 林钰淇) 972 ("2022-2023学年第一学期高一年级高考部期中测试")
Tue, 10 Jan 2023 15:31:28 GMT: 林钰淇 fetched 20222287 (11 林钰淇) 1044 ("2022-2023学年高一上学期期末测试")
Tue, 10 Jan 2023 18:57:35 GMT: 樊青扬 fetched 20222310 (5 尹一朵) 1044 ("2022-2023学年高一上学期期末测试")
Tue, 10 Jan 2023 20:17:57 GMT: undefined fetched 20222446 (11 向量) 972 ("2022-2023学年第一学期高一年级高考部期中测试")
Tue, 10 Jan 2023 21:54:13 GMT: 向量 fetched 20222446 (11 向量) 1044 ("2022-2023学年高一上学期期末测试")
Tue, 10 Jan 2023 21:57:30 GMT: 向量 fetched 20222105 (2 曹煦) 1044 ("2022-2023学年高一上学期期末测试")
Tue, 10 Jan 2023 22:15:27 GMT: 林钰淇 fetched 20222287 (11 林钰淇) 1044 ("2022-2023学年高一上学期期末测试")
Tue, 10 Jan 2023 22:31:29 GMT: 金奕扬 fetched 20222508 (11 金奕扬) 1044 ("2022-2023学年高一上学期期末测试")
Tue, 10 Jan 2023 22:48:52 GMT: 林钰淇 fetched 20222396 (11 李世轩) 1044 ("2022-2023学年高一上学期期末测试")
Wed, 11 Jan 2023 02:09:40 GMT: 林钰淇 fetched 20222287 (11 林钰淇) 1044 ("2022-2023学年高一上学期期末测试")
Wed, 11 Jan 2023 09:15:55 GMT: 向量 fetched 20222446 (11 向量) 1044 ("2022-2023学年高一上学期期末测试")
Wed, 11 Jan 2023 09:42:10 GMT: 向量 fetched 20181690 (8 吴厚成) 213 ("2018-2019学年北师大实验中学初一年级期末考试")
Wed, 11 Jan 2023 10:23:08 GMT: 李世轩 fetched 20222396 (11 李世轩) 1044 ("2022-2023学年高一上学期期末测试")
Wed, 11 Jan 2023 10:23:32 GMT: 李世轩 fetched 20222749 (11 王子航) 1044 ("2022-2023学年高一上学期期末测试")
Wed, 11 Jan 2023 10:23:33 GMT: 李世轩 fetched 20222749 (11 王子航) 1044 ("2022-2023学年高一上学期期末测试")
Wed, 11 Jan 2023 10:25:37 GMT: 李世轩 fetched 20222213 (11 王雪霏) 1044 ("2022-2023学年高一上学期期末测试")
Wed, 11 Jan 2023 10:26:18 GMT: 李世轩 fetched 20222062 (11 李行) 1044 ("2022-2023学年高一上学期期末测试")
Wed, 11 Jan 2023 10:27:01 GMT: 李世轩 fetched 20222735 (11 董雨霏) 1044 ("2022-2023学年高一上学期期末测试")
Wed, 11 Jan 2023 10:28:10 GMT: 李世轩 fetched 20222368 (11 杜良骏) 1044 ("2022-2023学年高一上学期期末测试")
Wed, 11 Jan 2023 10:28:40 GMT: 李世轩 fetched 20222288 (11 段杰锐) 1044 ("2022-2023学年高一上学期期末测试")
Wed, 11 Jan 2023 10:30:57 GMT: 李世轩 fetched 20222316 (11 樊青扬) 1044 ("2022-2023学年高一上学期期末测试")
Wed, 11 Jan 2023 10:32:07 GMT: 李世轩 fetched 20222774 (11 何天熙) 1044 ("2022-2023学年高一上学期期末测试")
Wed, 11 Jan 2023 10:33:02 GMT: 李世轩 fetched 20222331 (11 姜雅涵) 1044 ("2022-2023学年高一上学期期末测试")
Wed, 11 Jan 2023 10:33:37 GMT: 李世轩 fetched 20222750 (11 李安然) 1044 ("2022-2023学年高一上学期期末测试")
Wed, 11 Jan 2023 10:34:15 GMT: 李世轩 fetched 20222368 (11 杜良骏) 1044 ("2022-2023学年高一上学期期末测试")
Wed, 11 Jan 2023 10:34:24 GMT: 李世轩 fetched 20222750 (11 李安然) 1044 ("2022-2023学年高一上学期期末测试")
Wed, 11 Jan 2023 10:35:35 GMT: 李世轩 fetched 20222287 (11 林钰淇) 1044 ("2022-2023学年高一上学期期末测试")
Wed, 11 Jan 2023 10:36:56 GMT: 李世轩 fetched 20222703 (11 王睿) 1044 ("2022-2023学年高一上学期期末测试")
Wed, 11 Jan 2023 10:37:20 GMT: 李世轩 fetched 20222129 (11 王韬越) 1044 ("2022-2023学年高一上学期期末测试")
Wed, 11 Jan 2023 10:38:07 GMT: 李世轩 fetched 20222332 (11 王昱翔) 1044 ("2022-2023学年高一上学期期末测试")
Wed, 11 Jan 2023 10:39:16 GMT: 李世轩 fetched 20222749 (11 王子航) 1044 ("2022-2023学年高一上学期期末测试")
Wed, 11 Jan 2023 10:40:27 GMT: 李世轩 fetched 20222213 (11 王雪霏) 1044 ("2022-2023学年高一上学期期末测试")
Wed, 11 Jan 2023 10:41:09 GMT: 李世轩 fetched 20222735 (11 董雨霏) 1044 ("2022-2023学年高一上学期期末测试")
Wed, 11 Jan 2023 10:41:39 GMT: 李世轩 fetched 20222775 (11 相卓宇) 1044 ("2022-2023学年高一上学期期末测试")
Wed, 11 Jan 2023 10:42:04 GMT: 李世轩 fetched 20222446 (11 向量) 1044 ("2022-2023学年高一上学期期末测试")
Wed, 11 Jan 2023 10:42:04 GMT: 李世轩 fetched 20222446 (11 向量) 1044 ("2022-2023学年高一上学期期末测试")
Wed, 11 Jan 2023 10:42:32 GMT: 李世轩 fetched 20222347 (11 叶澄阳) 1044 ("2022-2023学年高一上学期期末测试")
Wed, 11 Jan 2023 10:54:30 GMT: 李世轩 fetched 20222396 (11 李世轩) 1044 ("2022-2023学年高一上学期期末测试")
Wed, 11 Jan 2023 11:36:23 GMT: 林钰淇 fetched 20222547 (15 王燕呢) 1044 ("2022-2023学年高一上学期期末测试")
Wed, 11 Jan 2023 13:04:42 GMT: undefined fetched 20181690 (8 吴厚成) 213 ("2018-2019学年北师大实验中学初一年级期末考试")
Wed, 11 Jan 2023 14:49:38 GMT: 林钰淇 fetched 20222316 (11 樊青扬) 1044 ("2022-2023学年高一上学期期末测试")
Wed, 11 Jan 2023 14:50:10 GMT: 林钰淇 fetched 20222396 (11 李世轩) 1044 ("2022-2023学年高一上学期期末测试")
Wed, 11 Jan 2023 15:02:17 GMT: 向量 fetched 20222446 (11 向量) 972 ("2022-2023学年第一学期高一年级高考部期中测试")
Wed, 11 Jan 2023 18:05:20 GMT: 林钰淇 fetched 20222287 (11 林钰淇) 1044 ("2022-2023学年高一上学期期末测试")
Wed, 11 Jan 2023 20:27:37 GMT: 林钰淇 fetched 20222750 (11 李安然) 1044 ("2022-2023学年高一上学期期末测试")
Wed, 11 Jan 2023 20:37:30 GMT: 李世轩 fetched 20222287 (11 林钰淇) 1044 ("2022-2023学年高一上学期期末测试")
Wed, 11 Jan 2023 21:04:20 GMT: 姜雅涵 fetched 20222129 (11 王韬越) 1044 ("2022-2023学年高一上学期期末测试")
Wed, 11 Jan 2023 21:04:50 GMT: 姜雅涵 fetched 20222446 (11 向量) 1044 ("2022-2023学年高一上学期期末测试")
Wed, 11 Jan 2023 21:05:14 GMT: 姜雅涵 fetched 20222487 (11 袁晨曦) 1044 ("2022-2023学年高一上学期期末测试")
Wed, 11 Jan 2023 23:13:55 GMT: 王子航 fetched 20222749 (11 王子航) 1044 ("2022-2023学年高一上学期期末测试")
Wed, 11 Jan 2023 23:18:38 GMT: 王子航 fetched 20222062 (11 李行) 1044 ("2022-2023学年高一上学期期末测试")
Wed, 11 Jan 2023 23:22:31 GMT: 王子航 fetched 20222547 (15 王燕呢) 1044 ("2022-2023学年高一上学期期末测试")
Thu, 12 Jan 2023 07:26:01 GMT: 林钰淇 fetched 20222287 (11 林钰淇) 1044 ("2022-2023学年高一上学期期末测试")
Thu, 12 Jan 2023 12:03:25 GMT: 向量 fetched 20222446 (11 向量) 1044 ("2022-2023学年高一上学期期末测试")
Thu, 12 Jan 2023 14:40:51 GMT: 向量 fetched 20222446 (11 向量) 1044 ("2022-2023学年高一上学期期末测试")
Thu, 12 Jan 2023 15:21:09 GMT: undefined fetched 20181690 (8 吴厚成) 213 ("2018-2019学年北师大实验中学初一年级期末考试")
Thu, 12 Jan 2023 15:31:57 GMT: 向量 fetched 20222446 (11 向量) 1044 ("2022-2023学年高一上学期期末测试")
Thu, 12 Jan 2023 15:38:23 GMT: CrI3+Cl2+KOH=K2CrO4+KIO4+KCl+H2O,"CrI3+Cl2+KOH=K2CrO4+KIO4+KCl+H2O"
Thu, 12 Jan 2023 15:38:41 GMT: CrI3+Cl2+KOH=K2CrO4+KIO4+KCl+H2O,"CrI3+Cl2+KOH=K2CrO4+KIO4+KCl+H2O"
Thu, 12 Jan 2023 20:06:36 GMT: 李世轩 fetched 20222452 (8 马乐遥) 1044 ("2022-2023学年高一上学期期末测试")
Thu, 12 Jan 2023 20:06:38 GMT: 李世轩 fetched 20222452 (8 马乐遥) 1044 ("2022-2023学年高一上学期期末测试")
Thu, 12 Jan 2023 20:08:52 GMT: 李世轩 fetched 20222724 (10 闵泊达) 1044 ("2022-2023学年高一上学期期末测试")
Thu, 12 Jan 2023 20:11:15 GMT: 李世轩 fetched 20222737 (8 刘铱汶) 1044 ("2022-2023学年高一上学期期末测试")
Thu, 12 Jan 2023 20:12:48 GMT: 李世轩 fetched 20222513 (12 张景瑶) 1044 ("2022-2023学年高一上学期期末测试")
Thu, 12 Jan 2023 20:13:18 GMT: 向量 fetched 20222446 (11 向量) 1044 ("2022-2023学年高一上学期期末测试")
Thu, 12 Jan 2023 20:14:14 GMT: 李世轩 fetched 20222396 (11 李世轩) 1044 ("2022-2023学年高一上学期期末测试")
Thu, 12 Jan 2023 20:17:02 GMT: 李世轩 fetched 20222073 (13 宁皞凡) 1044 ("2022-2023学年高一上学期期末测试")
Thu, 12 Jan 2023 20:19:22 GMT: 李世轩 fetched 20222213 (11 王雪霏) 1044 ("2022-2023学年高一上学期期末测试")
Thu, 12 Jan 2023 20:20:33 GMT: 李世轩 fetched 20222732 (11 于思易) 1044 ("2022-2023学年高一上学期期末测试")
Thu, 12 Jan 2023 20:21:48 GMT: 李世轩 fetched 20222062 (11 李行) 1044 ("2022-2023学年高一上学期期末测试")
Thu, 12 Jan 2023 23:00:25 GMT: 向量 fetched 20222001 (12 王超然) 1044 ("2022-2023学年高一上学期期末测试")
Fri, 13 Jan 2023 08:06:36 GMT: 林钰淇 fetched 20222287 (11 林钰淇) 1044 ("2022-2023学年高一上学期期末测试")
Fri, 13 Jan 2023 14:28:36 GMT: 李沛洋 fetched 20222397 (11 李沛洋) 1044 ("2022-2023学年高一上学期期末测试")
Fri, 13 Jan 2023 19:04:31 GMT: 向量 fetched 20222446 (11 向量) 972 ("2022-2023学年第一学期高一年级高考部期中测试")
Fri, 13 Jan 2023 20:05:04 GMT: 李世轩 fetched 20222547 (15 王燕呢) 1044 ("2022-2023学年高一上学期期末测试")
Fri, 13 Jan 2023 20:06:03 GMT: 李世轩 fetched 20222396 (11 李世轩) 1044 ("2022-2023学年高一上学期期末测试")
Fri, 13 Jan 2023 20:29:49 GMT: 李沛洋 fetched 20222397 (11 李沛洋) 1044 ("2022-2023学年高一上学期期末测试")
Fri, 13 Jan 2023 20:32:06 GMT: 李沛洋 fetched 20222397 (11 李沛洋) 1044 ("2022-2023学年高一上学期期末测试")
Sat, 14 Jan 2023 01:28:02 GMT: undefined fetched 20212689 (11 吴厚成) 970 ("2022-2023学年第一学期高二年级高考部期中测试")
Sat, 14 Jan 2023 07:58:02 GMT: undefined fetched 20222357 (11 张羽睿) 1044 ("2022-2023学年高一上学期期末测试")
Sat, 14 Jan 2023 08:02:48 GMT: undefined fetched 20222357 (11 张羽睿) 972 ("2022-2023学年第一学期高一年级高考部期中测试")
Sat, 14 Jan 2023 15:13:22 GMT: 向量 fetched 20222446 (11 向量) 1044 ("2022-2023学年高一上学期期末测试")
Sat, 14 Jan 2023 15:54:49 GMT: 李雨峰 fetched 20222450 (11 李雨峰) 1044 ("2022-2023学年高一上学期期末测试")
Sun, 15 Jan 2023 00:28:26 GMT: undefined fetched 20212689 (11 吴厚成) 970 ("2022-2023学年第一学期高二年级高考部期中测试")
Sun, 15 Jan 2023 10:45:09 GMT: 向量 fetched 20222446 (11 向量) 1044 ("2022-2023学年高一上学期期末测试")
Sun, 15 Jan 2023 11:18:21 GMT: 123.112.173.87, 向量 fetched 20222446 (11 向量) 1044 ("2022-2023学年高一上学期期末测试")
Sun, 15 Jan 2023 12:10:11 GMT: 1.45.126.101, undefined fetched 20212689 (11 吴厚成) 970 ("2022-2023学年第一学期高二年级高考部期中测试")
Sun, 15 Jan 2023 12:20:41 GMT: 123.112.173.87, undefined fetched 20222446 (11 向量) 1044 ("2022-2023学年高一上学期期末测试")
Sun, 15 Jan 2023 12:33:06 GMT: 1.45.126.101, 向量 fetched 20212689 (11 吴厚成) 970 ("2022-2023学年第一学期高二年级高考部期中测试")
Mon, 16 Jan 2023 08:15:59 GMT: 123.112.173.87, 向量 fetched 20222446 (11 向量) 1044 ("2022-2023学年高一上学期期末测试")
Mon, 16 Jan 2023 21:30:56 GMT: 123.112.173.87, 向量 fetched 20222446 (11 向量) 1044 ("2022-2023学年高一上学期期末测试")
Sat, 28 Jan 2023 12:09:59 GMT: 139.189.22.146, 王昱翔 fetched 20222332 (11 王昱翔) 972 ("2022-2023学年第一学期高一年级高考部期中测试")
Sat, 28 Jan 2023 12:10:51 GMT: 139.189.22.146, 王昱翔 fetched 20222332 (11 王昱翔) 1044 ("2022-2023学年高一上学期期末测试")
Tue, 31 Jan 2023 06:42:34 GMT: 123.112.173.87, 向量 fetched 20222446 (11 向量) 1044 ("2022-2023学年高一上学期期末测试")
Thu, 02 Feb 2023 21:24:58 GMT: 101.240.254.235, 李世轩 fetched 20222357 (11 张羽睿) 1044 ("2022-2023学年高一上学期期末测试")
Fri, 03 Feb 2023 12:20:15 GMT: 123.112.173.87, 向量 fetched 20222446 (11 向量) 1044 ("2022-2023学年高一上学期期末测试")
Sat, 04 Feb 2023 10:50:32 GMT: 123.112.173.87, 向量 fetched 20222446 (11 向量) 1044 ("2022-2023学年高一上学期期末测试")
